Log file open, 08/24/23 03:32:44
LogInit:Display: Running engine for game: StateOfDecay2
LogPlatformFile: Not using cached read wrapper
LogInit:Display: RandInit(656585772) SRandInit(656585772).
LogTaskGraph: Started task graph with 5 named threads and 8 total threads with 1 sets of task threads.
LogStats: Stats thread started at 0.110396
LogPluginManager: Loaded Plugin Paper2D, From D:/epic/ue/UE_4.13/Engine/Plugins/2D/Paper2D/Paper2D.uplugin
LogPluginManager: Loaded Plugin LightPropagationVolume, From D:/epic/ue/UE_4.13/Engine/Plugins/Blendables/LightPropagationVolume/LightPropagationVolume.uplugin
LogPluginManager: Loaded Plugin BlankPlugin, From D:/epic/ue/UE_4.13/Engine/Plugins/Developer/BlankPlugin/BlankPlugin.uplugin
LogPluginManager: Loaded Plugin CodeLiteSourceCodeAccess, From D:/epic/ue/UE_4.13/Engine/Plugins/Developer/CodeLiteSourceCodeAccess/CodeLiteSourceCodeAccess.uplugin
LogPluginManager: Loaded Plugin GitSourceControl, From D:/epic/ue/UE_4.13/Engine/Plugins/Developer/GitSourceControl/GitSourceControl.uplugin
LogPluginManager: Loaded Plugin KDevelopSourceCodeAccess, From D:/epic/ue/UE_4.13/Engine/Plugins/Developer/KDevelopSourceCodeAccess/KDevelopSourceCodeAccess.uplugin
LogPluginManager: Loaded Plugin NullSourceCodeAccess, From D:/epic/ue/UE_4.13/Engine/Plugins/Developer/NullSourceCodeAccess/NullSourceCodeAccess.uplugin
LogPluginManager: Loaded Plugin OneSkyLocalizationService, From D:/epic/ue/UE_4.13/Engine/Plugins/Developer/OneSkyLocalizationService/OneSkyLocalizationService.uplugin
LogPluginManager: Loaded Plugin PerforceSourceControl, From D:/epic/ue/UE_4.13/Engine/Plugins/Developer/PerforceSourceControl/PerforceSourceControl.uplugin
LogPluginManager: Loaded Plugin SubversionSourceControl, From D:/epic/ue/UE_4.13/Engine/Plugins/Developer/SubversionSourceControl/SubversionSourceControl.uplugin
LogPluginManager: Loaded Plugin UObjectPlugin, From D:/epic/ue/UE_4.13/Engine/Plugins/Developer/UObjectPlugin/UObjectPlugin.uplugin
LogPluginManager: Loaded Plugin VisualStudioSourceCodeAccess, From D:/epic/ue/UE_4.13/Engine/Plugins/Developer/VisualStudioSourceCodeAccess/VisualStudioSourceCodeAccess.uplugin
LogPluginManager: Loaded Plugin XCodeSourceCodeAccess, From D:/epic/ue/UE_4.13/Engine/Plugins/Developer/XCodeSourceCodeAccess/XCodeSourceCodeAccess.uplugin
LogPluginManager: Loaded Plugin EpicSurvey, From D:/epic/ue/UE_4.13/Engine/Plugins/Editor/EpicSurvey/EpicSurvey.uplugin
LogPluginManager: Loaded Plugin MacGraphicsSwitching, From D:/epic/ue/UE_4.13/Engine/Plugins/Editor/MacGraphicsSwitching/MacGraphicsSwitching.uplugin
LogPluginManager: Loaded Plugin MobileLauncherProfileWizard, From D:/epic/ue/UE_4.13/Engine/Plugins/Editor/MobileLauncherProfileWizard/MobileLauncherProfileWizard.uplugin
LogPluginManager: Loaded Plugin PluginBrowser, From D:/epic/ue/UE_4.13/Engine/Plugins/Editor/PluginBrowser/PluginBrowser.uplugin
LogPluginManager: Loaded Plugin SpeedTreeImporter, From D:/epic/ue/UE_4.13/Engine/Plugins/Editor/SpeedTreeImporter/SpeedTreeImporter.uplugin
LogPluginManager: Loaded Plugin SuperSearchEditor, From D:/epic/ue/UE_4.13/Engine/Plugins/Editor/SuperSearchEditor/SuperSearchEditor.uplugin
LogPluginManager: Loaded Plugin AlembicImporter, From D:/epic/ue/UE_4.13/Engine/Plugins/Experimental/AlembicImporter/AlembicImporter.uplugin
LogPluginManager: Loaded Plugin BlueprintStats, From D:/epic/ue/UE_4.13/Engine/Plugins/Experimental/BlueprintStats/BlueprintStats.uplugin
LogPluginManager: Loaded Plugin CharacterAI, From D:/epic/ue/UE_4.13/Engine/Plugins/Experimental/CharacterAI/CharacterAI.uplugin
LogPluginManager: Loaded Plugin CodeEditor, From D:/epic/ue/UE_4.13/Engine/Plugins/Experimental/CodeEditor/CodeEditor.uplugin
LogPluginManager: Loaded Plugin CodeView, From D:/epic/ue/UE_4.13/Engine/Plugins/Experimental/CodeView/CodeView.uplugin
LogPluginManager: Loaded Plugin HTML5Networking, From D:/epic/ue/UE_4.13/Engine/Plugins/Experimental/HTML5Networking/HTML5Networking.uplugin
LogPluginManager: Loaded Plugin LiveEditor, From D:/epic/ue/UE_4.13/Engine/Plugins/Experimental/LiveEditor/LiveEditor.uplugin
LogPluginManager: Loaded Plugin OSVR, From D:/epic/ue/UE_4.13/Engine/Plugins/Experimental/OSVR/OSVR.uplugin
LogPluginManager: Loaded Plugin Phya, From D:/epic/ue/UE_4.13/Engine/Plugins/Experimental/Phya/Phya.uplugin
LogPluginManager: Loaded Plugin SignificanceManager, From D:/epic/ue/UE_4.13/Engine/Plugins/Experimental/SignificanceManager/SignificanceManager.uplugin
LogPluginManager: Loaded Plugin SimpleHMD, From D:/epic/ue/UE_4.13/Engine/Plugins/Experimental/SimpleHMD/SimpleHMD.uplugin
LogPluginManager: Loaded Plugin StereoPanorama, From D:/epic/ue/UE_4.13/Engine/Plugins/Experimental/StereoPanorama/StereoPanorama.uplugin
LogPluginManager: Loaded Plugin StructBox, From D:/epic/ue/UE_4.13/Engine/Plugins/Experimental/StructBox/StructBox.uplugin
LogPluginManager: Loaded Plugin VehiclesPlugin, From D:/epic/ue/UE_4.13/Engine/Plugins/Marketplace/VehiclesPlugin/VehiclesPlugin.uplugin
LogPluginManager: Loaded Plugin AndroidMedia, From D:/epic/ue/UE_4.13/Engine/Plugins/Media/AndroidMedia/AndroidMedia.uplugin
LogPluginManager: Loaded Plugin AvfMedia, From D:/epic/ue/UE_4.13/Engine/Plugins/Media/AvfMedia/AvfMedia.uplugin
LogPluginManager: Loaded Plugin MediaPlayerEditor, From D:/epic/ue/UE_4.13/Engine/Plugins/Media/MediaPlayerEditor/MediaPlayerEditor.uplugin
LogPluginManager: Loaded Plugin WmfMedia, From D:/epic/ue/UE_4.13/Engine/Plugins/Media/WmfMedia/WmfMedia.uplugin
LogPluginManager: Loaded Plugin MessagingDebugger, From D:/epic/ue/UE_4.13/Engine/Plugins/Messaging/MessagingDebugger/MessagingDebugger.uplugin
LogPluginManager: Loaded Plugin TcpMessaging, From D:/epic/ue/UE_4.13/Engine/Plugins/Messaging/TcpMessaging/TcpMessaging.uplugin
LogPluginManager: Loaded Plugin UdpMessaging, From D:/epic/ue/UE_4.13/Engine/Plugins/Messaging/UdpMessaging/UdpMessaging.uplugin
LogPluginManager: Loaded Plugin LevelSequenceEditor, From D:/epic/ue/UE_4.13/Engine/Plugins/MovieScene/LevelSequenceEditor/LevelSequenceEditor.uplugin
LogPluginManager: Loaded Plugin MatineeToLevelSequence, From D:/epic/ue/UE_4.13/Engine/Plugins/MovieScene/MatineeToLevelSequence/MatineeToLevelSequence.uplugin
LogPluginManager: Loaded Plugin NetcodeUnitTest, From D:/epic/ue/UE_4.13/Engine/Plugins/NetcodeUnitTest/NetcodeUnitTest/NetcodeUnitTest.uplugin
LogPluginManager: Loaded Plugin NUTUnrealEngine4, From D:/epic/ue/UE_4.13/Engine/Plugins/NetcodeUnitTest/NUTUnrealEngine4/NUTUnrealEngine4.uplugin
LogPluginManager: Loaded Plugin OnlineSubsystemGooglePlay, From D:/epic/ue/UE_4.13/Engine/Plugins/Online/Android/OnlineSubsystemGooglePlay/OnlineSubsystemGooglePlay.uplugin
LogPluginManager: Loaded Plugin OnlineSubsystemIOS, From D:/epic/ue/UE_4.13/Engine/Plugins/Online/IOS/OnlineSubsystemIOS/OnlineSubsystemIOS.uplugin
LogPluginManager: Loaded Plugin OnlineFramework, From D:/epic/ue/UE_4.13/Engine/Plugins/Online/OnlineFramework/OnlineFramework.uplugin
LogPluginManager: Loaded Plugin OnlineSubsystem, From D:/epic/ue/UE_4.13/Engine/Plugins/Online/OnlineSubsystem/OnlineSubsystem.uplugin
LogPluginManager: Loaded Plugin OnlineSubsystemAmazon, From D:/epic/ue/UE_4.13/Engine/Plugins/Online/OnlineSubsystemAmazon/OnlineSubsystemAmazon.uplugin
LogPluginManager: Loaded Plugin OnlineSubsystemFacebook, From D:/epic/ue/UE_4.13/Engine/Plugins/Online/OnlineSubsystemFacebook/OnlineSubsystemFacebook.uplugin
LogPluginManager: Loaded Plugin OnlineSubsystemNull, From D:/epic/ue/UE_4.13/Engine/Plugins/Online/OnlineSubsystemNull/OnlineSubsystemNull.uplugin
LogPluginManager: Loaded Plugin OnlineSubsystemOculus, From D:/epic/ue/UE_4.13/Engine/Plugins/Online/OnlineSubsystemOculus/OnlineSubsystemOculus.uplugin
LogPluginManager: Loaded Plugin OnlineSubsystemSteam, From D:/epic/ue/UE_4.13/Engine/Plugins/Online/OnlineSubsystemSteam/OnlineSubsystemSteam.uplugin
LogPluginManager: Loaded Plugin OnlineSubsystemUtils, From D:/epic/ue/UE_4.13/Engine/Plugins/Online/OnlineSubsystemUtils/OnlineSubsystemUtils.uplugin
LogPluginManager: Loaded Plugin IOSTapJoy, From D:/epic/ue/UE_4.13/Engine/Plugins/Runtime/Advertising/IOSTapJoy/IOSTapJoy.uplugin
LogPluginManager: Loaded Plugin AnalyticsBlueprintLibrary, From D:/epic/ue/UE_4.13/Engine/Plugins/Runtime/Analytics/AnalyticsBlueprintLibrary/AnalyticsBlueprintLibrary.uplugin
LogPluginManager: Loaded Plugin AnalyticsMulticast, From D:/epic/ue/UE_4.13/Engine/Plugins/Runtime/Analytics/AnalyticsMulticast/AnalyticsMulticast.uplugin
LogPluginManager: Loaded Plugin Apsalar, From D:/epic/ue/UE_4.13/Engine/Plugins/Runtime/Analytics/Apsalar/Apsalar.uplugin
LogPluginManager: Loaded Plugin FileLogging, From D:/epic/ue/UE_4.13/Engine/Plugins/Runtime/Analytics/FileLogging/FileLogging.uplugin
LogPluginManager: Loaded Plugin Flurry, From D:/epic/ue/UE_4.13/Engine/Plugins/Runtime/Analytics/Flurry/Flurry.uplugin
LogPluginManager: Loaded Plugin AndroidDeviceProfileSelector, From D:/epic/ue/UE_4.13/Engine/Plugins/Runtime/AndroidDeviceProfileSelector/AndroidDeviceProfileSelector.uplugin
LogPluginManager: Loaded Plugin AndroidMoviePlayer, From D:/epic/ue/UE_4.13/Engine/Plugins/Runtime/AndroidMoviePlayer/AndroidMoviePlayer.uplugin
LogPluginManager: Loaded Plugin AppleMoviePlayer, From D:/epic/ue/UE_4.13/Engine/Plugins/Runtime/AppleMoviePlayer/AppleMoviePlayer.uplugin
LogPluginManager: Loaded Plugin ArchVisCharacter, From D:/epic/ue/UE_4.13/Engine/Plugins/Runtime/ArchVisCharacter/ArchVisCharacter.uplugin
LogPluginManager: Loaded Plugin CableComponent, From D:/epic/ue/UE_4.13/Engine/Plugins/Runtime/CableComponent/CableComponent.uplugin
LogPluginManager: Loaded Plugin CustomMeshComponent, From D:/epic/ue/UE_4.13/Engine/Plugins/Runtime/CustomMeshComponent/CustomMeshComponent.uplugin
LogPluginManager: Loaded Plugin ExampleDeviceProfileSelector, From D:/epic/ue/UE_4.13/Engine/Plugins/Runtime/ExampleDeviceProfileSelector/ExampleDeviceProfileSelector.uplugin
LogPluginManager: Loaded Plugin GearVR, From D:/epic/ue/UE_4.13/Engine/Plugins/Runtime/GearVR/GearVR.uplugin
LogPluginManager: Loaded Plugin GoogleVRController, From D:/epic/ue/UE_4.13/Engine/Plugins/Runtime/GoogleVR/GoogleVRController/GoogleVRController.uplugin
LogPluginManager: Loaded Plugin GoogleVRHMD, From D:/epic/ue/UE_4.13/Engine/Plugins/Runtime/GoogleVR/GoogleVRHMD/GoogleVRHMD.uplugin
LogPluginManager: Loaded Plugin IOSDeviceProfileSelector, From D:/epic/ue/UE_4.13/Engine/Plugins/Runtime/IOSDeviceProfileSelector/IOSDeviceProfileSelector.uplugin
LogPluginManager: Loaded Plugin LeapMotion, From D:/epic/ue/UE_4.13/Engine/Plugins/Runtime/LeapMotion/LeapMotion.uplugin
LogPluginManager: Loaded Plugin LinuxDeviceProfileSelector, From D:/epic/ue/UE_4.13/Engine/Plugins/Runtime/LinuxDeviceProfileSelector/LinuxDeviceProfileSelector.uplugin
LogPluginManager: Loaded Plugin LiveEditorListenServer, From D:/epic/ue/UE_4.13/Engine/Plugins/Runtime/LiveEditorListenServer/LiveEditorListenServer.uplugin
LogPluginManager: Loaded Plugin OculusAudio, From D:/epic/ue/UE_4.13/Engine/Plugins/Runtime/OculusAudio/OculusAudio.uplugin
LogPluginManager: Loaded Plugin OculusInput, From D:/epic/ue/UE_4.13/Engine/Plugins/Runtime/OculusInput/OculusInput.uplugin
LogPluginManager: Loaded Plugin OculusLibrary, From D:/epic/ue/UE_4.13/Engine/Plugins/Runtime/OculusLibrary/OculusLibrary.uplugin
LogPluginManager: Loaded Plugin OculusRift, From D:/epic/ue/UE_4.13/Engine/Plugins/Runtime/OculusRift/OculusRift.uplugin
LogPluginManager: Loaded Plugin Oodle, From D:/epic/ue/UE_4.13/Engine/Plugins/Runtime/PacketHandlers/CompressionComponents/Oodle/Oodle.uplugin
LogPluginManager: Loaded Plugin ProceduralMeshComponent, From D:/epic/ue/UE_4.13/Engine/Plugins/Runtime/ProceduralMeshComponent/ProceduralMeshComponent.uplugin
LogPluginManager: Loaded Plugin SoundMod, From D:/epic/ue/UE_4.13/Engine/Plugins/Runtime/SoundMod/SoundMod.uplugin
LogPluginManager: Loaded Plugin SoundVisualizations, From D:/epic/ue/UE_4.13/Engine/Plugins/Runtime/SoundVisualizations/SoundVisualizations.uplugin
LogPluginManager: Loaded Plugin SteamController, From D:/epic/ue/UE_4.13/Engine/Plugins/Runtime/Steam/SteamController/SteamController.uplugin
LogPluginManager: Loaded Plugin SteamVR, From D:/epic/ue/UE_4.13/Engine/Plugins/Runtime/Steam/SteamVR/SteamVR.uplugin
LogPluginManager: Loaded Plugin WebBrowserWidget, From D:/epic/ue/UE_4.13/Engine/Plugins/Runtime/WebBrowserWidget/WebBrowserWidget.uplugin
LogPluginManager: Loaded Plugin WindowsDeviceProfileSelector, From D:/epic/ue/UE_4.13/Engine/Plugins/Runtime/WindowsDeviceProfileSelector/WindowsDeviceProfileSelector.uplugin
LogPluginManager: Loaded Plugin WindowsMoviePlayer, From D:/epic/ue/UE_4.13/Engine/Plugins/Runtime/WindowsMoviePlayer/WindowsMoviePlayer.uplugin
LogPluginManager: Loaded Plugin ScriptPlugin, From D:/epic/ue/UE_4.13/Engine/Plugins/ScriptPlugin/ScriptPlugin.uplugin
LogPluginManager: Loaded Plugin SlateRemote, From D:/epic/ue/UE_4.13/Engine/Plugins/Slate/SlateRemote/SlateRemote.uplugin
LogInit: Using libcurl 7.47.1
LogInit:  - built for x86_64-pc-win32
LogInit:  - supports SSL with WinSSL
LogInit:  - other features:
LogInit:      CURL_VERSION_SSL
LogInit:      CURL_VERSION_IPV6
LogInit:      CURL_VERSION_ASYNCHDNS
LogInit:      CURL_VERSION_LARGEFILE
LogInit:      CURL_VERSION_IDN
LogInit:  CurlRequestOptions (configurable via config and command line):
LogInit:  - bVerifyPeer = false  - Libcurl will NOT verify peer certificate
LogInit:  - bUseHttpProxy = false  - Libcurl will NOT use HTTP proxy
LogInit:  - bDontReuseConnections = false  - Libcurl will reuse connections
LogInit:  - CertBundlePath = nullptr  - Libcurl will use whatever was configured at build time.
LogInit: Build: ++UE4+Release-4.13-CL-3172292
LogInit: Engine Version: 4.13.2-3172292+++UE4+Release-4.13
LogInit: Compatible Engine Version: 4.13.0-3106830+++UE4+Release-4.13
LogInit: Net CL: 3172292
LogDevObjectVersion: Number of dev versions registered: 13
LogDevObjectVersion:   Dev-Blueprints (B0D832E4-1F89-4F0D-ACCF-7EB736FD4AA2): 5
LogDevObjectVersion:   Dev-Build (E1C64328-A22C-4D53-A36C-8E866417BD8C): 0
LogDevObjectVersion:   Dev-Core (375EC13C-06E4-48FB-B500-84F0262A717E): 1
LogDevObjectVersion:   Dev-Editor (E4B068ED-F494-42E9-A231-DA0B2E46BB41): 6
LogDevObjectVersion:   Dev-Framework (CFFC743F-43B0-4480-9391-14DF171D2073): 12
LogDevObjectVersion:   Dev-Mobile (B02B49B5-BB20-44E9-A304-32B752E40360): 0
LogDevObjectVersion:   Dev-Networking (A4E4105C-59A1-49B5-A7C5-40C4547EDFEE): 0
LogDevObjectVersion:   Dev-Online (39C831C9-5AE6-47DC-9A44-9C173E1C8E7C): 0
LogDevObjectVersion:   Dev-Physics (78F01B33-EBEA-4F98-B9B4-84EACCB95AA2): 0
LogDevObjectVersion:   Dev-Platform (6631380F-2D4D-43E0-8009-CF276956A95A): 0
LogDevObjectVersion:   Dev-Rendering (12F88B9F-8875-4AFC-A67C-D90C383ABD29): 4
LogDevObjectVersion:   Dev-Sequencer (7B5AE74C-D270-4C10-A958-57980B212A5A): 0
LogDevObjectVersion:   Dev-VR (D7296918-1DD6-4BDD-9DE2-64A83CC13884): 0
LogInit: Compiled (64-bit): Oct 24 2016 14:29:06
LogInit: Compiled with Visual C++: 19.00.23026.00
LogInit: Build Configuration: Development
LogInit: Branch Name: ++UE4+Release-4.13
LogInit: Command line: -EpicPortal  -epicusername="Bershyboiツ" -epicuserid=a07a419774d84de3926cb54b2da27ccc -epiclocale=en -epicsandboxid=ue
LogInit: Base directory: D:/epic/ue/UE_4.13/Engine/Binaries/Win64/
LogInit: Installed Engine Build: 1
LogInit: Presizing for max 8388607 objects, including 0 objects not considered by GC, pre-allocating 0 bytes for permanent pool.
LogInit: Object subsystem initialized
[2023.08.24-02.32.44:907][  0]LogInit: Selected Device Profile: [Windows]
[2023.08.24-02.32.44:907][  0]LogInit: Applying CVar settings loaded from the selected device profile: [Windows]
[2023.08.24-02.32.44:926][  0]LogInit: Computer: DESKTOP-MOB2S7A
[2023.08.24-02.32.44:926][  0]LogInit: User: moham
[2023.08.24-02.32.44:926][  0]LogInit: CPU Page size=65536, Cores=4
[2023.08.24-02.32.44:926][  0]LogInit: High frequency timer resolution =10.000000 MHz
[2023.08.24-02.32.44:926][  0]LogMemory: Memory total: Physical=15.9GB (16GB approx)
[2023.08.24-02.32.44:926][  0]LogMemory: Platform Memory Stats for Windows
[2023.08.24-02.32.44:926][  0]LogMemory: Process Physical Memory: 258.05 MB used, 258.06 MB peak
[2023.08.24-02.32.44:926][  0]LogMemory: Process Virtual Memory: 260.01 MB used, 260.01 MB peak
[2023.08.24-02.32.44:926][  0]LogMemory: Physical Memory: 11124.87 MB used, 16306.52 MB total
[2023.08.24-02.32.44:926][  0]LogMemory: Virtual Memory: 4743.51 MB used, 134217728.00 MB total
[2023.08.24-02.32.44:974][  0]LogTextLocalizationManager: No specific translations for ('en-US') exist, so ('en') translations will be used.
[2023.08.24-02.32.46:056][  0]LogD3D11RHI: D3D11 adapters:
[2023.08.24-02.32.46:142][  0]LogD3D11RHI:    0. 'Radeon RX 570' (Feature Level 11_0)
[2023.08.24-02.32.46:142][  0]LogD3D11RHI:       4074/0/8153 MB DedicatedVideo/DedicatedSystem/SharedSystem, Outputs:2, VendorId:0x1002
[2023.08.24-02.32.46:146][  0]LogD3D11RHI:    1. 'Microsoft Basic Render Driver' (Feature Level 11_0)
[2023.08.24-02.32.46:146][  0]LogD3D11RHI:       0/0/8153 MB DedicatedVideo/DedicatedSystem/SharedSystem, Outputs:0, VendorId:0x1414
[2023.08.24-02.32.46:146][  0]LogD3D11RHI: Chosen D3D11 Adapter: 0
[2023.08.24-02.32.46:162][  0]LogD3D11RHI: Creating new Direct3DDevice
[2023.08.24-02.32.46:163][  0]LogD3D11RHI:     GPU DeviceId: 0x67df (for the marketing name, search the web for "GPU Device Id")
[2023.08.24-02.32.46:163][  0]LogWindows: EnumDisplayDevices:
[2023.08.24-02.32.46:163][  0]LogWindows:    0. 'Radeon RX 570' (P:0 D:1)
[2023.08.24-02.32.46:163][  0]LogWindows:    1. 'Radeon RX 570' (P:1 D:1)
[2023.08.24-02.32.46:163][  0]LogWindows:    2. 'Radeon RX 570' (P:0 D:0)
[2023.08.24-02.32.46:164][  0]LogWindows:    3. 'Radeon RX 570' (P:0 D:0)
[2023.08.24-02.32.46:164][  0]LogWindows:    4. 'Radeon RX 570' (P:0 D:0)
[2023.08.24-02.32.46:164][  0]LogWindows:    5. 'Radeon RX 570' (P:0 D:0)
[2023.08.24-02.32.46:165][  0]LogWindows:    6. 'Radeon RX 570' (P:0 D:0)
[2023.08.24-02.32.46:165][  0]LogWindows: DebugString: GetVideoDriverDetailsInvalid PrimaryIsNotTheChoosenAdapter GetVideoDriverDetailsInvalid PrimaryIsNotTheChoosenAdapter GetVideoDriverDetailsInvalid PrimaryIsNotTheChoosenAdapter GetVideoDriverDetailsInvalid PrimaryIsNotTheChoosenAdapter GetVideoDriverDetailsInvalid PrimaryIsNotTheChoosenAdapter GetVideoDriverDetailsInvalid PrimaryIsNotTheChoosenAdapter GetVideoDriverDetailsInvalid PrimaryIsNotTheChoosenAdapter FoundDriverCount:0 
[2023.08.24-02.32.46:165][  0]LogD3D11RHI:     Adapter Name: Radeon RX 570
[2023.08.24-02.32.46:165][  0]LogD3D11RHI:   Driver Version: Unknown (internal:Unknown, unified:Unknown)
[2023.08.24-02.32.46:165][  0]LogD3D11RHI:      Driver Date: Unknown
[2023.08.24-02.32.46:165][  0]LogRHI: Texture pool is 1361 MB (70% of 1945 MB)
[2023.08.24-02.32.46:210][  0]LogD3D11RHI: Async texture creation enabled
[2023.08.24-02.32.46:223][  0]LogD3D11RHI: GPU Timing Frequency: 25.000000 (Debug: 2 1)
[2023.08.24-02.32.46:224][  0]LogShaderCompilers: Guid format shader working directory is 20 characters bigger than the processId version (F:/SaveGame/StateOfDecay2/Intermediate/Shaders/WorkingDirectory/30104/).
[2023.08.24-02.32.46:224][  0]LogShaderCompilers: Cleaned the shader compiler working directory 'C:/Users/moham/AppData/Local/Temp/UnrealShaderWorkingDir/1A054D094E216FD154C14E86A1645D40/'.
[2023.08.24-02.32.46:224][  0]LogShaderCompilers:Display: Using Local Shader Compiler.
[2023.08.24-02.32.47:469][  0]LogTemp:Display: Loaded TP AllDesktopTargetPlatform
[2023.08.24-02.32.47:479][  0]LogTemp:Display: Loaded TP WindowsClientTargetPlatform
[2023.08.24-02.32.47:489][  0]LogTemp:Display: Loaded TP WindowsNoEditorTargetPlatform
[2023.08.24-02.32.47:500][  0]LogTemp:Display: Loaded TP WindowsServerTargetPlatform
[2023.08.24-02.32.47:510][  0]LogTemp:Display: Loaded TP WindowsTargetPlatform
[2023.08.24-02.32.47:521][  0]LogTemp:Display: Loaded TP AndroidTargetPlatform
[2023.08.24-02.32.47:532][  0]LogTemp:Display: Loaded TP Android_ASTCTargetPlatform
[2023.08.24-02.32.47:541][  0]LogTemp:Display: Loaded TP Android_ATCTargetPlatform
[2023.08.24-02.32.47:551][  0]LogTemp:Display: Loaded TP Android_DXTTargetPlatform
[2023.08.24-02.32.47:559][  0]LogTemp:Display: Loaded TP Android_ETC1TargetPlatform
[2023.08.24-02.32.47:568][  0]LogTemp:Display: Loaded TP Android_ETC2TargetPlatform
[2023.08.24-02.32.47:585][  0]LogTemp:Display: Loaded TP Android_MultiTargetPlatform
[2023.08.24-02.32.47:585][  0]LogTemp:Display: Loaded TP Android_PVRTCTargetPlatform
[2023.08.24-02.32.47:587][  0]LogTemp:Display: Loaded TP HTML5TargetPlatform
[2023.08.24-02.32.47:611][  0]LogTemp:Display: Loaded TP IOSTargetPlatform
[2023.08.24-02.32.47:619][  0]LogTemp:Display: Loaded TP TVOSTargetPlatform
[2023.08.24-02.32.47:629][  0]LogTemp:Display: Loaded TP LinuxClientTargetPlatform
[2023.08.24-02.32.47:639][  0]LogTemp:Display: Loaded TP LinuxNoEditorTargetPlatform
[2023.08.24-02.32.47:647][  0]LogTemp:Display: Loaded TP LinuxServerTargetPlatform
[2023.08.24-02.32.47:656][  0]LogTemp:Display: Loaded TP LinuxTargetPlatform
[2023.08.24-02.32.47:656][  0]LogTargetPlatformManager:Display: Building Assets For Windows
[2023.08.24-02.32.47:797][  0]LogDerivedDataCache:Display: Max Cache Size: 512 MB
[2023.08.24-02.32.47:954][  0]LogDerivedDataCache: Loaded boot cache 0.07s 63MB C:/Users/moham/AppData/Local/UnrealEngine/4.13/DerivedDataCache/Boot.ddc.
[2023.08.24-02.32.47:954][  0]LogDerivedDataCache:Display: Loaded Boot cache: C:/Users/moham/AppData/Local/UnrealEngine/4.13/DerivedDataCache/Boot.ddc
[2023.08.24-02.32.47:954][  0]LogDerivedDataCache: FDerivedDataBackendGraph:  Pak pak cache file F:/SaveGame/StateOfDecay2/DerivedDataCache/DDC.ddp not found, will not use a pak cache.
[2023.08.24-02.32.47:954][  0]LogDerivedDataCache: Unable to find inner node Pak for hierarchical cache Hierarchy.
[2023.08.24-02.32.47:954][  0]LogDerivedDataCache: FDerivedDataBackendGraph:  CompressedPak pak cache file F:/SaveGame/StateOfDecay2/DerivedDataCache/Compressed.ddp not found, will not use a pak cache.
[2023.08.24-02.32.47:955][  0]LogDerivedDataCache: Unable to find inner node CompressedPak for hierarchical cache Hierarchy.
[2023.08.24-02.32.47:974][  0]LogDerivedDataCache:Display: Pak cache opened for reading ../../../Engine/DerivedDataCache/Compressed.ddp.
[2023.08.24-02.32.47:988][  0]LogDerivedDataCache: Using Local data cache path C:/Users/moham/AppData/Local/UnrealEngine/Common/DerivedDataCache: Writable
[2023.08.24-02.32.48:251][  0]LogInit: Selected Device Profile: [Windows]
[2023.08.24-02.32.48:255][  0]LogContentStreaming: Texture pool size is 0.00 MB
[2023.08.24-02.32.48:369][  0]LogMeshUtilities: No automatic mesh reduction module available
[2023.08.24-02.32.48:369][  0]LogMeshUtilities: No automatic mesh merging module available
[2023.08.24-02.32.48:369][  0]LogMeshUtilities: No distributed automatic mesh merging module available
[2023.08.24-02.32.48:461][  0]LogMaterial: Uniform references updated for custom material expression Custom.
[2023.08.24-02.32.48:797][  0]LogNetVersion: GetLocalNetworkVersion: CL: 3106830, ProjectName: stateofdecay2, ProjectVersion: , EngineNetworkVersion: 1, GameNetworkVersion: 0, NetworkChecksum: 1605929814
[2023.08.24-02.32.48:835][  0]LogAssetRegistry: FAssetRegistry took 0.0224 seconds to start up
[2023.08.24-02.32.48:882][  0]LogPackageLocalizationCache: Processed 3 localized package path(s) for 2 prioritized culture(s) in 0.044253 seconds
[2023.08.24-02.32.48:888][  0]LogUObjectArray: 29778 objects as part of root set at end of initial load.
[2023.08.24-02.32.48:888][  0]LogUObjectAllocator: 6125448 out of 0 bytes used by permanent object pool.
[2023.08.24-02.32.48:888][  0]LogUObjectArray: CloseDisregardForGC: 0/0 objects in disregard for GC pool
[2023.08.24-02.32.48:894][  0]LogInit: WinSock: version 1.1 (2.2), MaxSocks=32767, MaxUdp=65467
[2023.08.24-02.32.49:145][  0]LogSlate: SlateFontCache - WITH_FREETYPE: 1, WITH_HARFBUZZ: 1
[2023.08.24-02.32.49:145][  0]LogSlate: SlateFontCache - WITH_FREETYPE: 1, WITH_HARFBUZZ: 1
[2023.08.24-02.32.50:307][  0]LogTcpMessaging: Initializing TcpMessaging bridge
[2023.08.24-02.32.50:340][  0]LogUdpMessaging: Initializing bridge on interface 0.0.0.0:0 to multicast group 230.0.0.1:6666.
[2023.08.24-02.32.50:672][  0]SourceControl: Info Source control is disabled
[2023.08.24-02.32.50:762][  0]SourceControl: Info Source control is disabled
[2023.08.24-02.32.50:785][  0]SourceControl: Info Source control is disabled
[2023.08.24-02.32.50:806][  0]SourceControl: Info Source control is disabled
[2023.08.24-02.32.51:440][  0]LogEngine: Initializing Engine...
[2023.08.24-02.32.51:442][  0]LogHMD: Failed to initialize OpenVR with code 110
[2023.08.24-02.32.51:593][  0]LogAIModule: Creating AISystem for world Untitled
[2023.08.24-02.32.51:663][  0]LogInit: XAudio2 using 'Headphones (SteelSeries Arctis 7X)' : 2 channels at 48 kHz using 16 bits per sample (channel mask 0x3)
[2023.08.24-02.32.51:691][  0]LogInit: FAudioDevice initialized.
[2023.08.24-02.32.51:750][  0]LogDerivedDataCache: Saved boot cache 0.06s 63MB C:/Users/moham/AppData/Local/UnrealEngine/4.13/DerivedDataCache/Boot.ddc.
[2023.08.24-02.32.51:760][  0]LogInit: Texture streaming: Enabled
[2023.08.24-02.32.51:805][  0]LogInit: Transaction tracking system initialized
[2023.08.24-02.32.51:833][  0]BlueprintLog: New page: Editor Load
[2023.08.24-02.32.51:941][  0]LocalizationService: Info Localization service is disabled
[2023.08.24-02.32.52:060][  0]LogConsoleResponse:Display: 
[2023.08.24-02.32.52:190][  0]LogCook:Display: Max memory allowance for cook 16384mb min free memory 0mb
[2023.08.24-02.32.52:190][  0]LogCook:Display: Mobile HDR setting 1
[2023.08.24-02.32.52:245][  0]LogFileCache: Scanning file cache for directory 'F:/SaveGame/StateOfDecay2/Content/' took 0.02s
[2023.08.24-02.32.52:533][  0]SourceControl: Info Source control is disabled
[2023.08.24-02.32.52:533][  0]Cmd: MAP LOAD FILE="F:/SaveGame/StateOfDecay2/Content/ThirdPersonBP/Maps/ThirdPersonExampleMap.umap" TEMPLATE=0 SHOWPROGRESS=1 FEATURELEVEL=3
[2023.08.24-02.32.52:534][  0]LightingResults: New page: Lighting Build
[2023.08.24-02.32.52:537][  0]MapCheck: New page: Map Check
[2023.08.24-02.32.52:537][  0]LightingResults: New page: Lighting Build
[2023.08.24-02.32.52:967][  0]LogBlueprint:Warning: [Compiler MasterWidget] Warning 'Item' is already a 'Master Actor', you don't need  K2Node_DynamicCast_0 .
[2023.08.24-02.32.52:970][  0]LogBlueprint:Warning: [Compiler MasterWidget] Warning [0009.60] Compile of MasterWidget successful, but with 1 Warning(s) [in 17 ms] (/Game/ThirdPersonBP/BershyModAssets/MasterWidget.MasterWidget)
[2023.08.24-02.32.52:970][  0]LogBlueprint:Warning: [Compiler MasterWidget] Warning [0009.60] Compile of MasterWidget successful, but with 2 Warning(s) [in 0 ms] (/Game/ThirdPersonBP/BershyModAssets/MasterWidget.MasterWidget)
[2023.08.24-02.32.52:970][  0]LogBlueprint:Warning: [Compiler MasterWidget] Warning [0009.60] Compile of MasterWidget successful, but with 3 Warning(s) [in 0 ms] (/Game/ThirdPersonBP/BershyModAssets/MasterWidget.MasterWidget)
[2023.08.24-02.32.52:995][  0]LogBlueprint:Warning: [Compiler MasterWidget] Warning 'Item' is already a 'Master Actor', you don't need  K2Node_DynamicCast_0 .
[2023.08.24-02.32.52:999][  0]LogBlueprint:Warning: [Compiler MasterWidget] Warning [0009.63] Compile of MasterWidget successful, but with 1 Warning(s) [in 9 ms] (/Game/ThirdPersonBP/BershyModAssets/MasterWidget.MasterWidget)
[2023.08.24-02.32.52:999][  0]LogBlueprint:Warning: [Compiler MasterWidget] Warning [0009.63] Compile of MasterWidget successful, but with 2 Warning(s) [in 0 ms] (/Game/ThirdPersonBP/BershyModAssets/MasterWidget.MasterWidget)
[2023.08.24-02.32.52:999][  0]LogBlueprint:Warning: [Compiler MasterWidget] Warning [0009.63] Compile of MasterWidget successful, but with 3 Warning(s) [in 0 ms] (/Game/ThirdPersonBP/BershyModAssets/MasterWidget.MasterWidget)
[2023.08.24-02.32.53:565][  0]LogAIModule: Creating AISystem for world ThirdPersonExampleMap
[2023.08.24-02.32.53:575][  0]LogEditorServer: Finished looking for orphan Actors (0.000 secs)
[2023.08.24-02.32.53:576][  0]Cmd: MAP CHECKDEP NOCLEARLOG
[2023.08.24-02.32.53:706][  0]MapCheck: Info Map check complete: 0 Error(s), 0 Warning(s), took 130.565ms to complete.
[2023.08.24-02.32.53:706][  0]LogFileHelpers: Loading map 'ThirdPersonExampleMap' took 1.173
[2023.08.24-02.32.53:952][  0]LogCollectionManager: Loaded 0 collections in 0.002320 seconds
[2023.08.24-02.32.54:003][  0]LogFileCache: Scanning file cache for directory 'F:/SaveGame/StateOfDecay2/Saved/Collections/' took 0.01s
[2023.08.24-02.32.54:003][  0]LogFileCache: Scanning file cache for directory 'F:/SaveGame/StateOfDecay2/Content/Developers/moham/Collections/' took 0.01s
[2023.08.24-02.32.54:003][  0]LogFileCache: Scanning file cache for directory 'F:/SaveGame/StateOfDecay2/Content/Collections/' took 0.01s
[2023.08.24-02.32.54:003][  0]LogCollectionManager: Rebuilt the GUID 