Log file open, 08/14/23 17:56:19
LogInit:Display: Running engine for game: StateOfDecay2
LogPlatformFile: Not using cached read wrapper
LogInit:Display: RandInit(-1402421408) SRandInit(-1402421407).
LogTaskGraph: Started task graph with 5 named threads and 8 total threads with 1 sets of task threads.
LogStats: Stats thread started at 0.107507
LogPluginManager: Loaded Plugin Paper2D, From D:/epic/ue/UE_4.13/Engine/Plugins/2D/Paper2D/Paper2D.uplugin
LogPluginManager: Loaded Plugin LightPropagationVolume, From D:/epic/ue/UE_4.13/Engine/Plugins/Blendables/LightPropagationVolume/LightPropagationVolume.uplugin
LogPluginManager: Loaded Plugin BlankPlugin, From D:/epic/ue/UE_4.13/Engine/Plugins/Developer/BlankPlugin/BlankPlugin.uplugin
LogPluginManager: Loaded Plugin CodeLiteSourceCodeAccess, From D:/epic/ue/UE_4.13/Engine/Plugins/Developer/CodeLiteSourceCodeAccess/CodeLiteSourceCodeAccess.uplugin
LogPluginManager: Loaded Plugin GitSourceControl, From D:/epic/ue/UE_4.13/Engine/Plugins/Developer/GitSourceControl/GitSourceControl.uplugin
LogPluginManager: Loaded Plugin KDevelopSourceCodeAccess, From D:/epic/ue/UE_4.13/Engine/Plugins/Developer/KDevelopSourceCodeAccess/KDevelopSourceCodeAccess.uplugin
LogPluginManager: Loaded Plugin NullSourceCodeAccess, From D:/epic/ue/UE_4.13/Engine/Plugins/Developer/NullSourceCodeAccess/NullSourceCodeAccess.uplugin
LogPluginManager: Loaded Plugin OneSkyLocalizationService, From D:/epic/ue/UE_4.13/Engine/Plugins/Developer/OneSkyLocalizationService/OneSkyLocalizationService.uplugin
LogPluginManager: Loaded Plugin PerforceSourceControl, From D:/epic/ue/UE_4.13/Engine/Plugins/Developer/PerforceSourceControl/PerforceSourceControl.uplugin
LogPluginManager: Loaded Plugin SubversionSourceControl, From D:/epic/ue/UE_4.13/Engine/Plugins/Developer/SubversionSourceControl/SubversionSourceControl.uplugin
LogPluginManager: Loaded Plugin UObjectPlugin, From D:/epic/ue/UE_4.13/Engine/Plugins/Developer/UObjectPlugin/UObjectPlugin.uplugin
LogPluginManager: Loaded Plugin VisualStudioSourceCodeAccess, From D:/epic/ue/UE_4.13/Engine/Plugins/Developer/VisualStudioSourceCodeAccess/VisualStudioSourceCodeAccess.uplugin
LogPluginManager: Loaded Plugin XCodeSourceCodeAccess, From D:/epic/ue/UE_4.13/Engine/Plugins/Developer/XCodeSourceCodeAccess/XCodeSourceCodeAccess.uplugin
LogPluginManager: Loaded Plugin EpicSurvey, From D:/epic/ue/UE_4.13/Engine/Plugins/Editor/EpicSurvey/EpicSurvey.uplugin
LogPluginManager: Loaded Plugin MacGraphicsSwitching, From D:/epic/ue/UE_4.13/Engine/Plugins/Editor/MacGraphicsSwitching/MacGraphicsSwitching.uplugin
LogPluginManager: Loaded Plugin MobileLauncherProfileWizard, From D:/epic/ue/UE_4.13/Engine/Plugins/Editor/MobileLauncherProfileWizard/MobileLauncherProfileWizard.uplugin
LogPluginManager: Loaded Plugin PluginBrowser, From D:/epic/ue/UE_4.13/Engine/Plugins/Editor/PluginBrowser/PluginBrowser.uplugin
LogPluginManager: Loaded Plugin SpeedTreeImporter, From D:/epic/ue/UE_4.13/Engine/Plugins/Editor/SpeedTreeImporter/SpeedTreeImporter.uplugin
LogPluginManager: Loaded Plugin SuperSearchEditor, From D:/epic/ue/UE_4.13/Engine/Plugins/Editor/SuperSearchEditor/SuperSearchEditor.uplugin
LogPluginManager: Loaded Plugin AlembicImporter, From D:/epic/ue/UE_4.13/Engine/Plugins/Experimental/AlembicImporter/AlembicImporter.uplugin
LogPluginManager: Loaded Plugin BlueprintStats, From D:/epic/ue/UE_4.13/Engine/Plugins/Experimental/BlueprintStats/BlueprintStats.uplugin
LogPluginManager: Loaded Plugin CharacterAI, From D:/epic/ue/UE_4.13/Engine/Plugins/Experimental/CharacterAI/CharacterAI.uplugin
LogPluginManager: Loaded Plugin CodeEditor, From D:/epic/ue/UE_4.13/Engine/Plugins/Experimental/CodeEditor/CodeEditor.uplugin
LogPluginManager: Loaded Plugin CodeView, From D:/epic/ue/UE_4.13/Engine/Plugins/Experimental/CodeView/CodeView.uplugin
LogPluginManager: Loaded Plugin HTML5Networking, From D:/epic/ue/UE_4.13/Engine/Plugins/Experimental/HTML5Networking/HTML5Networking.uplugin
LogPluginManager: Loaded Plugin LiveEditor, From D:/epic/ue/UE_4.13/Engine/Plugins/Experimental/LiveEditor/LiveEditor.uplugin
LogPluginManager: Loaded Plugin OSVR, From D:/epic/ue/UE_4.13/Engine/Plugins/Experimental/OSVR/OSVR.uplugin
LogPluginManager: Loaded Plugin Phya, From D:/epic/ue/UE_4.13/Engine/Plugins/Experimental/Phya/Phya.uplugin
LogPluginManager: Loaded Plugin SignificanceManager, From D:/epic/ue/UE_4.13/Engine/Plugins/Experimental/SignificanceManager/SignificanceManager.uplugin
LogPluginManager: Loaded Plugin SimpleHMD, From D:/epic/ue/UE_4.13/Engine/Plugins/Experimental/SimpleHMD/SimpleHMD.uplugin
LogPluginManager: Loaded Plugin StereoPanorama, From D:/epic/ue/UE_4.13/Engine/Plugins/Experimental/StereoPanorama/StereoPanorama.uplugin
LogPluginManager: Loaded Plugin StructBox, From D:/epic/ue/UE_4.13/Engine/Plugins/Experimental/StructBox/StructBox.uplugin
LogPluginManager: Loaded Plugin VehiclesPlugin, From D:/epic/ue/UE_4.13/Engine/Plugins/Marketplace/VehiclesPlugin/VehiclesPlugin.uplugin
LogPluginManager: Loaded Plugin AndroidMedia, From D:/epic/ue/UE_4.13/Engine/Plugins/Media/AndroidMedia/AndroidMedia.uplugin
LogPluginManager: Loaded Plugin AvfMedia, From D:/epic/ue/UE_4.13/Engine/Plugins/Media/AvfMedia/AvfMedia.uplugin
LogPluginManager: Loaded Plugin MediaPlayerEditor, From D:/epic/ue/UE_4.13/Engine/Plugins/Media/MediaPlayerEditor/MediaPlayerEditor.uplugin
LogPluginManager: Loaded Plugin WmfMedia, From D:/epic/ue/UE_4.13/Engine/Plugins/Media/WmfMedia/WmfMedia.uplugin
LogPluginManager: Loaded Plugin MessagingDebugger, From D:/epic/ue/UE_4.13/Engine/Plugins/Messaging/MessagingDebugger/MessagingDebugger.uplugin
LogPluginManager: Loaded Plugin TcpMessaging, From D:/epic/ue/UE_4.13/Engine/Plugins/Messaging/TcpMessaging/TcpMessaging.uplugin
LogPluginManager: Loaded Plugin UdpMessaging, From D:/epic/ue/UE_4.13/Engine/Plugins/Messaging/UdpMessaging/UdpMessaging.uplugin
LogPluginManager: Loaded Plugin LevelSequenceEditor, From D:/epic/ue/UE_4.13/Engine/Plugins/MovieScene/LevelSequenceEditor/LevelSequenceEditor.uplugin
LogPluginManager: Loaded Plugin MatineeToLevelSequence, From D:/epic/ue/UE_4.13/Engine/Plugins/MovieScene/MatineeToLevelSequence/MatineeToLevelSequence.uplugin
LogPluginManager: Loaded Plugin NetcodeUnitTest, From D:/epic/ue/UE_4.13/Engine/Plugins/NetcodeUnitTest/NetcodeUnitTest/NetcodeUnitTest.uplugin
LogPluginManager: Loaded Plugin NUTUnrealEngine4, From D:/epic/ue/UE_4.13/Engine/Plugins/NetcodeUnitTest/NUTUnrealEngine4/NUTUnrealEngine4.uplugin
LogPluginManager: Loaded Plugin OnlineSubsystemGooglePlay, From D:/epic/ue/UE_4.13/Engine/Plugins/Online/Android/OnlineSubsystemGooglePlay/OnlineSubsystemGooglePlay.uplugin
LogPluginManager: Loaded Plugin OnlineSubsystemIOS, From D:/epic/ue/UE_4.13/Engine/Plugins/Online/IOS/OnlineSubsystemIOS/OnlineSubsystemIOS.uplugin
LogPluginManager: Loaded Plugin OnlineFramework, From D:/epic/ue/UE_4.13/Engine/Plugins/Online/OnlineFramework/OnlineFramework.uplugin
LogPluginManager: Loaded Plugin OnlineSubsystem, From D:/epic/ue/UE_4.13/Engine/Plugins/Online/OnlineSubsystem/OnlineSubsystem.uplugin
LogPluginManager: Loaded Plugin OnlineSubsystemAmazon, From D:/epic/ue/UE_4.13/Engine/Plugins/Online/OnlineSubsystemAmazon/OnlineSubsystemAmazon.uplugin
LogPluginManager: Loaded Plugin OnlineSubsystemFacebook, From D:/epic/ue/UE_4.13/Engine/Plugins/Online/OnlineSubsystemFacebook/OnlineSubsystemFacebook.uplugin
LogPluginManager: Loaded Plugin OnlineSubsystemNull, From D:/epic/ue/UE_4.13/Engine/Plugins/Online/OnlineSubsystemNull/OnlineSubsystemNull.uplugin
LogPluginManager: Loaded Plugin OnlineSubsystemOculus, From D:/epic/ue/UE_4.13/Engine/Plugins/Online/OnlineSubsystemOculus/OnlineSubsystemOculus.uplugin
LogPluginManager: Loaded Plugin OnlineSubsystemSteam, From D:/epic/ue/UE_4.13/Engine/Plugins/Online/OnlineSubsystemSteam/OnlineSubsystemSteam.uplugin
LogPluginManager: Loaded Plugin OnlineSubsystemUtils, From D:/epic/ue/UE_4.13/Engine/Plugins/Online/OnlineSubsystemUtils/OnlineSubsystemUtils.uplugin
LogPluginManager: Loaded Plugin IOSTapJoy, From D:/epic/ue/UE_4.13/Engine/Plugins/Runtime/Advertising/IOSTapJoy/IOSTapJoy.uplugin
LogPluginManager: Loaded Plugin AnalyticsBlueprintLibrary, From D:/epic/ue/UE_4.13/Engine/Plugins/Runtime/Analytics/AnalyticsBlueprintLibrary/AnalyticsBlueprintLibrary.uplugin
LogPluginManager: Loaded Plugin AnalyticsMulticast, From D:/epic/ue/UE_4.13/Engine/Plugins/Runtime/Analytics/AnalyticsMulticast/AnalyticsMulticast.uplugin
LogPluginManager: Loaded Plugin Apsalar, From D:/epic/ue/UE_4.13/Engine/Plugins/Runtime/Analytics/Apsalar/Apsalar.uplugin
LogPluginManager: Loaded Plugin FileLogging, From D:/epic/ue/UE_4.13/Engine/Plugins/Runtime/Analytics/FileLogging/FileLogging.uplugin
LogPluginManager: Loaded Plugin Flurry, From D:/epic/ue/UE_4.13/Engine/Plugins/Runtime/Analytics/Flurry/Flurry.uplugin
LogPluginManager: Loaded Plugin AndroidDeviceProfileSelector, From D:/epic/ue/UE_4.13/Engine/Plugins/Runtime/AndroidDeviceProfileSelector/AndroidDeviceProfileSelector.uplugin
LogPluginManager: Loaded Plugin AndroidMoviePlayer, From D:/epic/ue/UE_4.13/Engine/Plugins/Runtime/AndroidMoviePlayer/AndroidMoviePlayer.uplugin
LogPluginManager: Loaded Plugin AppleMoviePlayer, From D:/epic/ue/UE_4.13/Engine/Plugins/Runtime/AppleMoviePlayer/AppleMoviePlayer.uplugin
LogPluginManager: Loaded Plugin ArchVisCharacter, From D:/epic/ue/UE_4.13/Engine/Plugins/Runtime/ArchVisCharacter/ArchVisCharacter.uplugin
LogPluginManager: Loaded Plugin CableComponent, From D:/epic/ue/UE_4.13/Engine/Plugins/Runtime/CableComponent/CableComponent.uplugin
LogPluginManager: Loaded Plugin CustomMeshComponent, From D:/epic/ue/UE_4.13/Engine/Plugins/Runtime/CustomMeshComponent/CustomMeshComponent.uplugin
LogPluginManager: Loaded Plugin ExampleDeviceProfileSelector, From D:/epic/ue/UE_4.13/Engine/Plugins/Runtime/ExampleDeviceProfileSelector/ExampleDeviceProfileSelector.uplugin
LogPluginManager: Loaded Plugin GearVR, From D:/epic/ue/UE_4.13/Engine/Plugins/Runtime/GearVR/GearVR.uplugin
LogPluginManager: Loaded Plugin GoogleVRController, From D:/epic/ue/UE_4.13/Engine/Plugins/Runtime/GoogleVR/GoogleVRController/GoogleVRController.uplugin
LogPluginManager: Loaded Plugin GoogleVRHMD, From D:/epic/ue/UE_4.13/Engine/Plugins/Runtime/GoogleVR/GoogleVRHMD/GoogleVRHMD.uplugin
LogPluginManager: Loaded Plugin IOSDeviceProfileSelector, From D:/epic/ue/UE_4.13/Engine/Plugins/Runtime/IOSDeviceProfileSelector/IOSDeviceProfileSelector.uplugin
LogPluginManager: Loaded Plugin LeapMotion, From D:/epic/ue/UE_4.13/Engine/Plugins/Runtime/LeapMotion/LeapMotion.uplugin
LogPluginManager: Loaded Plugin LinuxDeviceProfileSelector, From D:/epic/ue/UE_4.13/Engine/Plugins/Runtime/LinuxDeviceProfileSelector/LinuxDeviceProfileSelector.uplugin
LogPluginManager: Loaded Plugin LiveEditorListenServer, From D:/epic/ue/UE_4.13/Engine/Plugins/Runtime/LiveEditorListenServer/LiveEditorListenServer.uplugin
LogPluginManager: Loaded Plugin OculusAudio, From D:/epic/ue/UE_4.13/Engine/Plugins/Runtime/OculusAudio/OculusAudio.uplugin
LogPluginManager: Loaded Plugin OculusInput, From D:/epic/ue/UE_4.13/Engine/Plugins/Runtime/OculusInput/OculusInput.uplugin
LogPluginManager: Loaded Plugin OculusLibrary, From D:/epic/ue/UE_4.13/Engine/Plugins/Runtime/OculusLibrary/OculusLibrary.uplugin
LogPluginManager: Loaded Plugin OculusRift, From D:/epic/ue/UE_4.13/Engine/Plugins/Runtime/OculusRift/OculusRift.uplugin
LogPluginManager: Loaded Plugin Oodle, From D:/epic/ue/UE_4.13/Engine/Plugins/Runtime/PacketHandlers/CompressionComponents/Oodle/Oodle.uplugin
LogPluginManager: Loaded Plugin ProceduralMeshComponent, From D:/epic/ue/UE_4.13/Engine/Plugins/Runtime/ProceduralMeshComponent/ProceduralMeshComponent.uplugin
LogPluginManager: Loaded Plugin SoundMod, From D:/epic/ue/UE_4.13/Engine/Plugins/Runtime/SoundMod/SoundMod.uplugin
LogPluginManager: Loaded Plugin SoundVisualizations, From D:/epic/ue/UE_4.13/Engine/Plugins/Runtime/SoundVisualizations/SoundVisualizations.uplugin
LogPluginManager: Loaded Plugin SteamController, From D:/epic/ue/UE_4.13/Engine/Plugins/Runtime/Steam/SteamController/SteamController.uplugin
LogPluginManager: Loaded Plugin SteamVR, From D:/epic/ue/UE_4.13/Engine/Plugins/Runtime/Steam/SteamVR/SteamVR.uplugin
LogPluginManager: Loaded Plugin WebBrowserWidget, From D:/epic/ue/UE_4.13/Engine/Plugins/Runtime/WebBrowserWidget/WebBrowserWidget.uplugin
LogPluginManager: Loaded Plugin WindowsDeviceProfileSelector, From D:/epic/ue/UE_4.13/Engine/Plugins/Runtime/WindowsDeviceProfileSelector/WindowsDeviceProfileSelector.uplugin
LogPluginManager: Loaded Plugin WindowsMoviePlayer, From D:/epic/ue/UE_4.13/Engine/Plugins/Runtime/WindowsMoviePlayer/WindowsMoviePlayer.uplugin
LogPluginManager: Loaded Plugin ScriptPlugin, From D:/epic/ue/UE_4.13/Engine/Plugins/ScriptPlugin/ScriptPlugin.uplugin
LogPluginManager: Loaded Plugin SlateRemote, From D:/epic/ue/UE_4.13/Engine/Plugins/Slate/SlateRemote/SlateRemote.uplugin
LogInit: Using libcurl 7.47.1
LogInit:  - built for x86_64-pc-win32
LogInit:  - supports SSL with WinSSL
LogInit:  - other features:
LogInit:      CURL_VERSION_SSL
LogInit:      CURL_VERSION_IPV6
LogInit:      CURL_VERSION_ASYNCHDNS
LogInit:      CURL_VERSION_LARGEFILE
LogInit:      CURL_VERSION_IDN
LogInit:  CurlRequestOptions (configurable via config and command line):
LogInit:  - bVerifyPeer = false  - Libcurl will NOT verify peer certificate
LogInit:  - bUseHttpProxy = false  - Libcurl will NOT use HTTP proxy
LogInit:  - bDontReuseConnections = false  - Libcurl will reuse connections
LogInit:  - CertBundlePath = nullptr  - Libcurl will use whatever was configured at build time.
LogInit: Build: ++UE4+Release-4.13-CL-3172292
LogInit: Engine Version: 4.13.2-3172292+++UE4+Release-4.13
LogInit: Compatible Engine Version: 4.13.0-3106830+++UE4+Release-4.13
LogInit: Net CL: 3172292
LogDevObjectVersion: Number of dev versions registered: 13
LogDevObjectVersion:   Dev-Blueprints (B0D832E4-1F89-4F0D-ACCF-7EB736FD4AA2): 5
LogDevObjectVersion:   Dev-Build (E1C64328-A22C-4D53-A36C-8E866417BD8C): 0
LogDevObjectVersion:   Dev-Core (375EC13C-06E4-48FB-B500-84F0262A717E): 1
LogDevObjectVersion:   Dev-Editor (E4B068ED-F494-42E9-A231-DA0B2E46BB41): 6
LogDevObjectVersion:   Dev-Framework (CFFC743F-43B0-4480-9391-14DF171D2073): 12
LogDevObjectVersion:   Dev-Mobile (B02B49B5-BB20-44E9-A304-32B752E40360): 0
LogDevObjectVersion:   Dev-Networking (A4E4105C-59A1-49B5-A7C5-40C4547EDFEE): 0
LogDevObjectVersion:   Dev-Online (39C831C9-5AE6-47DC-9A44-9C173E1C8E7C): 0
LogDevObjectVersion:   Dev-Physics (78F01B33-EBEA-4F98-B9B4-84EACCB95AA2): 0
LogDevObjectVersion:   Dev-Platform (6631380F-2D4D-43E0-8009-CF276956A95A): 0
LogDevObjectVersion:   Dev-Rendering (12F88B9F-8875-4AFC-A67C-D90C383ABD29): 4
LogDevObjectVersion:   Dev-Sequencer (7B5AE74C-D270-4C10-A958-57980B212A5A): 0
LogDevObjectVersion:   Dev-VR (D7296918-1DD6-4BDD-9DE2-64A83CC13884): 0
LogInit: Compiled (64-bit): Oct 24 2016 14:29:06
LogInit: Compiled with Visual C++: 19.00.23026.00
LogInit: Build Configuration: Development
LogInit: Branch Name: ++UE4+Release-4.13
LogInit: Command line: -dx12
LogInit: Base directory: D:/epic/ue/UE_4.13/Engine/Binaries/Win64/
LogInit: Installed Engine Build: 1
LogInit: Presizing for max 8388607 objects, including 0 objects not considered by GC, pre-allocating 0 bytes for permanent pool.
LogInit: Object subsystem initialized
[2023.08.14-16.56.19:402][  0]LogInit: Selected Device Profile: [Windows]
[2023.08.14-16.56.19:402][  0]LogInit: Applying CVar settings loaded from the selected device profile: [Windows]
[2023.08.14-16.56.19:420][  0]LogInit: Computer: DESKTOP-MOB2S7A
[2023.08.14-16.56.19:421][  0]LogInit: User: moham
[2023.08.14-16.56.19:421][  0]LogInit: CPU Page size=65536, Cores=4
[2023.08.14-16.56.19:421][  0]LogInit: High frequency timer resolution =10.000000 MHz
[2023.08.14-16.56.19:421][  0]LogMemory: Memory total: Physical=15.9GB (16GB approx)
[2023.08.14-16.56.19:421][  0]LogMemory: Platform Memory Stats for Windows
[2023.08.14-16.56.19:421][  0]LogMemory: Process Physical Memory: 258.20 MB used, 258.21 MB peak
[2023.08.14-16.56.19:421][  0]LogMemory: Process Virtual Memory: 260.04 MB used, 260.04 MB peak
[2023.08.14-16.56.19:421][  0]LogMemory: Physical Memory: 10304.04 MB used, 16306.52 MB total
[2023.08.14-16.56.19:421][  0]LogMemory: Virtual Memory: 4750.64 MB used, 134217728.00 MB total
[2023.08.14-16.56.19:488][  0]LogTextLocalizationManager: No specific translations for ('en-US') exist, so ('en') translations will be used.
[2023.08.14-16.56.20:860][  0]LogD3D12RHI: Found D3D12 adapter 0: Radeon RX 570 (Feature Level 11_0)
[2023.08.14-16.56.20:860][  0]LogD3D12RHI: Adapter has 4074MB of dedicated video memory, 0MB of dedicated system memory, and 8153MB of shared system memory, 2 output[s]
[2023.08.14-16.56.20:876][  0]LogD3D12RHI: Found D3D12 adapter 1: Microsoft Basic Render Driver (Feature Level 11_0)
[2023.08.14-16.56.20:877][  0]LogD3D12RHI: Adapter has 0MB of dedicated video memory, 0MB of dedicated system memory, and 8153MB of shared system memory, 0 output[s]
[2023.08.14-16.56.20:877][  0]LogD3D12RHI: Chosen D3D12 Adapter Id = 0
[2023.08.14-16.56.21:011][  0]LogD3D12RHI: The system supports ID3D12Device1.
[2023.08.14-16.56.21:066][  0]LogD3D12RHI: Creating Pipeline Library from existing disk cache (520 KiB containing 0 PSOs).
[2023.08.14-16.56.21:110][  0]LogD3D12RHI: Async texture creation disabled: no driver support
[2023.08.14-16.56.21:110][  0]LogD3D12RHI:     GPU DeviceId: 0x67df (for the marketing name, search the web for "GPU Device Id")
[2023.08.14-16.56.21:110][  0]LogWindows: EnumDisplayDevices:
[2023.08.14-16.56.21:111][  0]LogWindows:    0. 'Radeon RX 570' (P:1 D:1)
[2023.08.14-16.56.21:111][  0]LogWindows:    1. 'Radeon RX 570' (P:0 D:1)
[2023.08.14-16.56.21:112][  0]LogWindows:    2. 'Radeon RX 570' (P:0 D:0)
[2023.08.14-16.56.21:112][  0]LogWindows:    3. 'Radeon RX 570' (P:0 D:0)
[2023.08.14-16.56.21:112][  0]LogWindows:    4. 'Radeon RX 570' (P:0 D:0)
[2023.08.14-16.56.21:113][  0]LogWindows:    5. 'Radeon RX 570' (P:0 D:0)
[2023.08.14-16.56.21:113][  0]LogWindows:    6. 'Radeon RX 570' (P:0 D:0)
[2023.08.14-16.56.21:114][  0]LogWindows: DebugString: GetVideoDriverDetailsInvalid PrimaryIsNotTheChoosenAdapter GetVideoDriverDetailsInvalid PrimaryIsNotTheChoosenAdapter GetVideoDriverDetailsInvalid PrimaryIsNotTheChoosenAdapter GetVideoDriverDetailsInvalid PrimaryIsNotTheChoosenAdapter GetVideoDriverDetailsInvalid PrimaryIsNotTheChoosenAdapter GetVideoDriverDetailsInvalid PrimaryIsNotTheChoosenAdapter GetVideoDriverDetailsInvalid PrimaryIsNotTheChoosenAdapter FoundDriverCount:0 
[2023.08.14-16.56.21:114][  0]LogD3D12RHI:     Adapter Name: Radeon RX 570
[2023.08.14-16.56.21:114][  0]LogD3D12RHI:   Driver Version: Unknown (internal:Unknown, unified:Unknown)
[2023.08.14-16.56.21:114][  0]LogD3D12RHI:      Driver Date: Unknown
[2023.08.14-16.56.21:114][  0]LogRHI: Texture pool is 1361 MB (70% of 1945 MB)
[2023.08.14-16.56.21:146][  0]LogShaderCompilers: Guid format shader working directory is 21 characters bigger than the processId version (F:/SaveGame/StateOfDecay2/Intermediate/Shaders/WorkingDirectory/4368/).
[2023.08.14-16.56.21:147][  0]LogShaderCompilers: Cleaned the shader compiler working directory 'C:/Users/moham/AppData/Local/Temp/UnrealShaderWorkingDir/7F21EB594BED418BACF75487769ABCCC/'.
[2023.08.14-16.56.21:147][  0]LogShaderCompilers:Display: Using Local Shader Compiler.
[2023.08.14-16.56.22:537][  0]LogTemp:Display: Loaded TP AllDesktopTargetPlatform
[2023.08.14-16.56.22:549][  0]LogTemp:Display: Loaded TP WindowsClientTargetPlatform
[2023.08.14-16.56.22:559][  0]LogTemp:Display: Loaded TP WindowsNoEditorTargetPlatform
[2023.08.14-16.56.22:569][  0]LogTemp:Display: Loaded TP WindowsServerTargetPlatform
[2023.08.14-16.56.22:579][  0]LogTemp:Display: Loaded TP WindowsTargetPlatform
[2023.08.14-16.56.22:589][  0]LogTemp:Display: Loaded TP AndroidTargetPlatform
[2023.08.14-16.56.22:598][  0]LogTemp:Display: Loaded TP Android_ASTCTargetPlatform
[2023.08.14-16.56.22:608][  0]LogTemp:Display: Loaded TP Android_ATCTargetPlatform
[2023.08.14-16.56.22:620][  0]LogTemp:Display: Loaded TP Android_DXTTargetPlatform
[2023.08.14-16.56.22:632][  0]LogTemp:Display: Loaded TP Android_ETC1TargetPlatform
[2023.08.14-16.56.22:643][  0]LogTemp:Display: Loaded TP Android_ETC2TargetPlatform
[2023.08.14-16.56.22:665][  0]LogTemp:Display: Loaded TP Android_MultiTargetPlatform
[2023.08.14-16.56.22:665][  0]LogTemp:Display: Loaded TP Android_PVRTCTargetPlatform
[2023.08.14-16.56.22:668][  0]LogTemp:Display: Loaded TP HTML5TargetPlatform
[2023.08.14-16.56.22:696][  0]LogTemp:Display: Loaded TP IOSTargetPlatform
[2023.08.14-16.56.22:707][  0]LogTemp:Display: Loaded TP TVOSTargetPlatform
[2023.08.14-16.56.22:715][  0]LogTemp:Display: Loaded TP LinuxClientTargetPlatform
[2023.08.14-16.56.22:725][  0]LogTemp:Display: Loaded TP LinuxNoEditorTargetPlatform
[2023.08.14-16.56.22:734][  0]LogTemp:Display: Loaded TP LinuxServerTargetPlatform
[2023.08.14-16.56.22:744][  0]LogTemp:Display: Loaded TP LinuxTargetPlatform
[2023.08.14-16.56.22:744][  0]LogTargetPlatformManager:Display: Building Assets For Windows
[2023.08.14-16.56.22:900][  0]LogDerivedDataCache:Display: Max Cache Size: 512 MB
[2023.08.14-16.56.22:992][  0]LogDerivedDataCache: Loaded boot cache 0.09s 63MB C:/Users/moham/AppData/Local/UnrealEngine/4.13/DerivedDataCache/Boot.ddc.
[2023.08.14-16.56.22:992][  0]LogDerivedDataCache:Display: Loaded Boot cache: C:/Users/moham/AppData/Local/UnrealEngine/4.13/DerivedDataCache/Boot.ddc
[2023.08.14-16.56.22:992][  0]LogDerivedDataCache: FDerivedDataBackendGraph:  Pak pak cache file F:/SaveGame/StateOfDecay2/DerivedDataCache/DDC.ddp not found, will not use a pak cache.
[2023.08.14-16.56.22:992][  0]LogDerivedDataCache: Unable to find inner node Pak for hierarchical cache Hierarchy.
[2023.08.14-16.56.22:992][  0]LogDerivedDataCache: FDerivedDataBackendGraph:  CompressedPak pak cache file F:/SaveGame/StateOfDecay2/DerivedDataCache/Compressed.ddp not found, will not use a pak cache.
[2023.08.14-16.56.22:992][  0]LogDerivedDataCache: Unable to find inner node CompressedPak for hierarchical cache Hierarchy.
[2023.08.14-16.56.23:019][  0]LogDerivedDataCache:Display: Pak cache opened for reading ../../../Engine/DerivedDataCache/Compressed.ddp.
[2023.08.14-16.56.23:034][  0]LogDerivedDataCache: Using Local data cache path C:/Users/moham/AppData/Local/UnrealEngine/Common/DerivedDataCache: Writable
[2023.08.14-16.56.23:355][  0]LogInit: Selected Device Profile: [Windows]
[2023.08.14-16.56.23:360][  0]LogContentStreaming: Texture pool size is 0.00 MB
[2023.08.14-16.56.23:464][  0]LogMeshUtilities: No automatic mesh reduction module available
[2023.08.14-16.56.23:464][  0]LogMeshUtilities: No automatic mesh merging module available
[2023.08.14-16.56.23:464][  0]LogMeshUtilities: No distributed automatic mesh merging module available
[2023.08.14-16.56.23:563][  0]LogMaterial: Uniform references updated for custom material expression Custom.
[2023.08.14-16.56.23:905][  0]LogNetVersion: GetLocalNetworkVersion: CL: 3106830, ProjectName: stateofdecay2, ProjectVersion: , EngineNetworkVersion: 1, GameNetworkVersion: 0, NetworkChecksum: 1605929814
[2023.08.14-16.56.23:942][  0]LogAssetRegistry: FAssetRegistry took 0.0218 seconds to start up
[2023.08.14-16.56.23:990][  0]LogPackageLocalizationCache: Processed 3 localized package path(s) for 2 prioritized culture(s) in 0.045069 seconds
[2023.08.14-16.56.23:997][  0]LogUObjectArray: 29778 objects as part of root set at end of initial load.
[2023.08.14-16.56.23:997][  0]LogUObjectAllocator: 6125448 out of 0 bytes used by permanent object pool.
[2023.08.14-16.56.23:997][  0]LogUObjectArray: CloseDisregardForGC: 0/0 objects in disregard for GC pool
[2023.08.14-16.56.24:003][  0]LogInit: WinSock: version 1.1 (2.2), MaxSocks=32767, MaxUdp=65467
[2023.08.14-16.56.24:265][  0]LogSlate: SlateFontCache - WITH_FREETYPE: 1, WITH_HARFBUZZ: 1
[2023.08.14-16.56.24:265][  0]LogSlate: SlateFontCache - WITH_FREETYPE: 1, WITH_HARFBUZZ: 1
[2023.08.14-16.56.25:437][  0]LogTcpMessaging: Initializing TcpMessaging bridge
[2023.08.14-16.56.25:475][  0]LogUdpMessaging: Initializing bridge on interface 0.0.0.0:0 to multicast group 230.0.0.1:6666.
[2023.08.14-16.56.25:822][  0]SourceControl: Info Source control is disabled
[2023.08.14-16.56.25:926][  0]SourceControl: Info Source control is disabled
[2023.08.14-16.56.25:948][  0]SourceControl: Info Source control is disabled
[2023.08.14-16.56.25:969][  0]SourceControl: Info Source control is disabled
[2023.08.14-16.56.26:605][  0]LogEngine: Initializing Engine...
[2023.08.14-16.56.26:606][  0]LogHMD: Failed to initialize OpenVR with code 110
[2023.08.14-16.56.26:759][  0]LogAIModule: Creating AISystem for world Untitled
[2023.08.14-16.56.26:835][  0]LogInit: XAudio2 using 'Headphones (SteelSeries Arctis 7X)' : 2 channels at 48 kHz using 16 bits per sample (channel mask 0x3)
[2023.08.14-16.56.26:865][  0]LogInit: FAudioDevice initialized.
[2023.08.14-16.56.26:971][  0]LogDerivedDataCache: Saved boot cache 0.11s 63MB C:/Users/moham/AppData/Local/UnrealEngine/4.13/DerivedDataCache/Boot.ddc.
[2023.08.14-16.56.26:984][  0]LogInit: Texture streaming: Enabled
[2023.08.14-16.56.27:040][  0]LogInit: Transaction tracking system initialized
[2023.08.14-16.56.27:068][  0]BlueprintLog: New page: Editor Load
[2023.08.14-16.56.27:170][  0]LocalizationService: Info Localization service is disabled
[2023.08.14-16.56.27:289][  0]LogConsoleResponse:Display: 
[2023.08.14-16.56.27:523][  0]LogCook:Display: Max memory allowance for cook 16384mb min free memory 0mb
[2023.08.14-16.56.27:523][  0]LogCook:Display: Mobile HDR setting 1
[2023.08.14-16.56.27:859][  0]LogFileCache: Scanning file cache for directory 'F:/SaveGame/StateOfDecay2/Content/' took 0.04s
[2023.08.14-16.56.27:859][  0]SourceControl: Info Source control is disabled
[2023.08.14-16.56.27:859][  0]Cmd: MAP LOAD FILE="F:/SaveGame/StateOfDecay2/Content/ThirdPersonBP/Maps/ThirdPersonExampleMap.umap" TEMPLATE=0 SHOWPROGRESS=1 FEATURELEVEL=3
[2023.08.14-16.56.27:869][  0]LightingResults: New page: Lighting Build
[2023.08.14-16.56.27:872][  0]MapCheck: New page: Map Check
[2023.08.14-16.56.27:872][  0]LightingResults: New page: Lighting Build
[2023.08.14-16.56.29:992][  0]LogAIModule: Creating AISystem for world ThirdPersonExampleMap
[2023.08.14-16.56.30:178][  0]LogEditorServer: Finished looking for orphan Actors (0.000 secs)
[2023.08.14-16.56.30:211][  0]Cmd: MAP CHECKDEP NOCLEARLOG
[2023.08.14-16.56.30:330][  0]MapCheck: Info Map check complete: 0 Error(s), 0 Warning(s), took 118.767ms to complete.
[2023.08.14-16.56.30:330][  0]LogFileHelpers: Loading map 'ThirdPersonExampleMap' took 2.471
[2023.08.14-16.56.30:912][  0]LogCollectionManager: Loaded 0 collections in 0.002324 seconds
[2023.08.14-16.56.31:059][  0]LogFileCache: Scanning file cache for directory 'F:/SaveGame/StateOfDecay2/Saved/Collections/' took 0.01s
[2023.08.14-16.56.31:059][  0]LogFileCache: Scanning file cache for directory 'F:/SaveGame/StateOfDecay2/Content/Developers/moham/Collections/' took 0.01s
[2023.08.14-16.56.31:059][  0]LogFileCache: Scanning file cache for directory 'F:/SaveGame/StateOfDecay2/Content/Collections/' took 0.01s
[2023.08.14-16.56.31:059][  0]LogCollectionManager: Rebuilt the GUID cache for 0 collections in 0.000005 seconds
[2023.08.14-16.56.31:080][  0]LogContentBrowser: Native class hierarchy populated in 0.0136 seconds. Added 2155 classes and 418 folders.
[2023.08.14-16.56.31:201][  0]LogStats: UGameplayTagsManager::ConstructGameplayTagTree: Construct from data asset -  0.000 s
[2023.08.14-16.56.31:208][  0]LogStats: UGameplayTagsManager::ConstructGameplayTagTree: GameplayTagTreeChangedEvent.Broadcast -  0.007 s
[2023.08.14-16.56.31:211][  0]LogContentBrowser: Native class hierarchy updated for 'GameplayTags' in 0.0017 seconds. Added 12 classes and 0 folders.
[2023.08.14-16.56.31:237][  0]LogContentBrowser: Native class hierarchy updated for 'WidgetCarousel' in 0.0011 seconds. Added 0 classes and 0 folders.
[2023.08.14-16.56.32:035][  0]LogContentBrowser: Native class hierarchy updated for 'AddContentDialog' in 0.0010 seconds. Added 0 classes and 0 folders.
[2023.08.14-16.56.32:083][  0]LogContentBrowser: Native class hierarchy updated for 'SceneOutliner' in 0.0011 seconds. Added 1 classes and 2 folders.
[2023.08.14-16.56.32:375][  0]LogCrashTracker: Crashtracker disabled due to settings.
[2023.08.14-16.56.32:522][  0]LogUObjectGlobals:Warning: Failed to find object 'Class None.'
[2023.08.14-16.56.32:582][  0]LogContentBrowser: Native class hierarchy updated for 'HierarchicalLODOutliner' in 0.0009 seconds. Added 1 classes and 2 folders.
[2023.08.14-16.56.32:583][  0]LogLoad: (Engine Initialization) Total time: 15.36 seconds
[2023.08.14-16.56.32:583][  0]LogLoad: (Engine Initialization) Total Blueprint compile time: 0.35 seconds
[2023.08.14-16.56.32:583][  0]LogExternalProfiler: Found external profiler: VSPerf
[2023.08.14-16.56.32:583][  0]LogExternalProfiler: Using external profiler: VSPerf
[2023.08.14-16.56.32:923][  0]LogOcInput: OculusInput pre