Log file open, 08/25/23 23:06:06
LogInit:Display: Running engine for game: StateOfDecay2
LogPlatformFile: Not using cached read wrapper
LogInit:Display: RandInit(-1340185609) SRandInit(-1340185608).
LogTaskGraph: Started task graph with 5 named threads and 8 total threads with 1 sets of task threads.
LogStats: Stats thread started at 0.103827
LogPluginManager: Loaded Plugin Paper2D, From D:/epic/ue/UE_4.13/Engine/Plugins/2D/Paper2D/Paper2D.uplugin
LogPluginManager: Loaded Plugin LightPropagationVolume, From D:/epic/ue/UE_4.13/Engine/Plugins/Blendables/LightPropagationVolume/LightPropagationVolume.uplugin
LogPluginManager: Loaded Plugin BlankPlugin, From D:/epic/ue/UE_4.13/Engine/Plugins/Developer/BlankPlugin/BlankPlugin.uplugin
LogPluginManager: Loaded Plugin CodeLiteSourceCodeAccess, From D:/epic/ue/UE_4.13/Engine/Plugins/Developer/CodeLiteSourceCodeAccess/CodeLiteSourceCodeAccess.uplugin
LogPluginManager: Loaded Plugin GitSourceControl, From D:/epic/ue/UE_4.13/Engine/Plugins/Developer/GitSourceControl/GitSourceControl.uplugin
LogPluginManager: Loaded Plugin KDevelopSourceCodeAccess, From D:/epic/ue/UE_4.13/Engine/Plugins/Developer/KDevelopSourceCodeAccess/KDevelopSourceCodeAccess.uplugin
LogPluginManager: Loaded Plugin NullSourceCodeAccess, From D:/epic/ue/UE_4.13/Engine/Plugins/Developer/NullSourceCodeAccess/NullSourceCodeAccess.uplugin
LogPluginManager: Loaded Plugin OneSkyLocalizationService, From D:/epic/ue/UE_4.13/Engine/Plugins/Developer/OneSkyLocalizationService/OneSkyLocalizationService.uplugin
LogPluginManager: Loaded Plugin PerforceSourceControl, From D:/epic/ue/UE_4.13/Engine/Plugins/Developer/PerforceSourceControl/PerforceSourceControl.uplugin
LogPluginManager: Loaded Plugin SubversionSourceControl, From D:/epic/ue/UE_4.13/Engine/Plugins/Developer/SubversionSourceControl/SubversionSourceControl.uplugin
LogPluginManager: Loaded Plugin UObjectPlugin, From D:/epic/ue/UE_4.13/Engine/Plugins/Developer/UObjectPlugin/UObjectPlugin.uplugin
LogPluginManager: Loaded Plugin VisualStudioSourceCodeAccess, From D:/epic/ue/UE_4.13/Engine/Plugins/Developer/VisualStudioSourceCodeAccess/VisualStudioSourceCodeAccess.uplugin
LogPluginManager: Loaded Plugin XCodeSourceCodeAccess, From D:/epic/ue/UE_4.13/Engine/Plugins/Developer/XCodeSourceCodeAccess/XCodeSourceCodeAccess.uplugin
LogPluginManager: Loaded Plugin EpicSurvey, From D:/epic/ue/UE_4.13/Engine/Plugins/Editor/EpicSurvey/EpicSurvey.uplugin
LogPluginManager: Loaded Plugin MacGraphicsSwitching, From D:/epic/ue/UE_4.13/Engine/Plugins/Editor/MacGraphicsSwitching/MacGraphicsSwitching.uplugin
LogPluginManager: Loaded Plugin MobileLauncherProfileWizard, From D:/epic/ue/UE_4.13/Engine/Plugins/Editor/MobileLauncherProfileWizard/MobileLauncherProfileWizard.uplugin
LogPluginManager: Loaded Plugin PluginBrowser, From D:/epic/ue/UE_4.13/Engine/Plugins/Editor/PluginBrowser/PluginBrowser.uplugin
LogPluginManager: Loaded Plugin SpeedTreeImporter, From D:/epic/ue/UE_4.13/Engine/Plugins/Editor/SpeedTreeImporter/SpeedTreeImporter.uplugin
LogPluginManager: Loaded Plugin SuperSearchEditor, From D:/epic/ue/UE_4.13/Engine/Plugins/Editor/SuperSearchEditor/SuperSearchEditor.uplugin
LogPluginManager: Loaded Plugin AlembicImporter, From D:/epic/ue/UE_4.13/Engine/Plugins/Experimental/AlembicImporter/AlembicImporter.uplugin
LogPluginManager: Loaded Plugin BlueprintStats, From D:/epic/ue/UE_4.13/Engine/Plugins/Experimental/BlueprintStats/BlueprintStats.uplugin
LogPluginManager: Loaded Plugin CharacterAI, From D:/epic/ue/UE_4.13/Engine/Plugins/Experimental/CharacterAI/CharacterAI.uplugin
LogPluginManager: Loaded Plugin CodeEditor, From D:/epic/ue/UE_4.13/Engine/Plugins/Experimental/CodeEditor/CodeEditor.uplugin
LogPluginManager: Loaded Plugin CodeView, From D:/epic/ue/UE_4.13/Engine/Plugins/Experimental/CodeView/CodeView.uplugin
LogPluginManager: Loaded Plugin HTML5Networking, From D:/epic/ue/UE_4.13/Engine/Plugins/Experimental/HTML5Networking/HTML5Networking.uplugin
LogPluginManager: Loaded Plugin LiveEditor, From D:/epic/ue/UE_4.13/Engine/Plugins/Experimental/LiveEditor/LiveEditor.uplugin
LogPluginManager: Loaded Plugin OSVR, From D:/epic/ue/UE_4.13/Engine/Plugins/Experimental/OSVR/OSVR.uplugin
LogPluginManager: Loaded Plugin Phya, From D:/epic/ue/UE_4.13/Engine/Plugins/Experimental/Phya/Phya.uplugin
LogPluginManager: Loaded Plugin SignificanceManager, From D:/epic/ue/UE_4.13/Engine/Plugins/Experimental/SignificanceManager/SignificanceManager.uplugin
LogPluginManager: Loaded Plugin SimpleHMD, From D:/epic/ue/UE_4.13/Engine/Plugins/Experimental/SimpleHMD/SimpleHMD.uplugin
LogPluginManager: Loaded Plugin StereoPanorama, From D:/epic/ue/UE_4.13/Engine/Plugins/Experimental/StereoPanorama/StereoPanorama.uplugin
LogPluginManager: Loaded Plugin StructBox, From D:/epic/ue/UE_4.13/Engine/Plugins/Experimental/StructBox/StructBox.uplugin
LogPluginManager: Loaded Plugin VehiclesPlugin, From D:/epic/ue/UE_4.13/Engine/Plugins/Marketplace/VehiclesPlugin/VehiclesPlugin.uplugin
LogPluginManager: Loaded Plugin AndroidMedia, From D:/epic/ue/UE_4.13/Engine/Plugins/Media/AndroidMedia/AndroidMedia.uplugin
LogPluginManager: Loaded Plugin AvfMedia, From D:/epic/ue/UE_4.13/Engine/Plugins/Media/AvfMedia/AvfMedia.uplugin
LogPluginManager: Loaded Plugin MediaPlayerEditor, From D:/epic/ue/UE_4.13/Engine/Plugins/Media/MediaPlayerEditor/MediaPlayerEditor.uplugin
LogPluginManager: Loaded Plugin WmfMedia, From D:/epic/ue/UE_4.13/Engine/Plugins/Media/WmfMedia/WmfMedia.uplugin
LogPluginManager: Loaded Plugin MessagingDebugger, From D:/epic/ue/UE_4.13/Engine/Plugins/Messaging/MessagingDebugger/MessagingDebugger.uplugin
LogPluginManager: Loaded Plugin TcpMessaging, From D:/epic/ue/UE_4.13/Engine/Plugins/Messaging/TcpMessaging/TcpMessaging.uplugin
LogPluginManager: Loaded Plugin UdpMessaging, From D:/epic/ue/UE_4.13/Engine/Plugins/Messaging/UdpMessaging/UdpMessaging.uplugin
LogPluginManager: Loaded Plugin LevelSequenceEditor, From D:/epic/ue/UE_4.13/Engine/Plugins/MovieScene/LevelSequenceEditor/LevelSequenceEditor.uplugin
LogPluginManager: Loaded Plugin MatineeToLevelSequence, From D:/epic/ue/UE_4.13/Engine/Plugins/MovieScene/MatineeToLevelSequence/MatineeToLevelSequence.uplugin
LogPluginManager: Loaded Plugin NetcodeUnitTest, From D:/epic/ue/UE_4.13/Engine/Plugins/NetcodeUnitTest/NetcodeUnitTest/NetcodeUnitTest.uplugin
LogPluginManager: Loaded Plugin NUTUnrealEngine4, From D:/epic/ue/UE_4.13/Engine/Plugins/NetcodeUnitTest/NUTUnrealEngine4/NUTUnrealEngine4.uplugin
LogPluginManager: Loaded Plugin OnlineSubsystemGooglePlay, From D:/epic/ue/UE_4.13/Engine/Plugins/Online/Android/OnlineSubsystemGooglePlay/OnlineSubsystemGooglePlay.uplugin
LogPluginManager: Loaded Plugin OnlineSubsystemIOS, From D:/epic/ue/UE_4.13/Engine/Plugins/Online/IOS/OnlineSubsystemIOS/OnlineSubsystemIOS.uplugin
LogPluginManager: Loaded Plugin OnlineFramework, From D:/epic/ue/UE_4.13/Engine/Plugins/Online/OnlineFramework/OnlineFramework.uplugin
LogPluginManager: Loaded Plugin OnlineSubsystem, From D:/epic/ue/UE_4.13/Engine/Plugins/Online/OnlineSubsystem/OnlineSubsystem.uplugin
LogPluginManager: Loaded Plugin OnlineSubsystemAmazon, From D:/epic/ue/UE_4.13/Engine/Plugins/Online/OnlineSubsystemAmazon/OnlineSubsystemAmazon.uplugin
LogPluginManager: Loaded Plugin OnlineSubsystemFacebook, From D:/epic/ue/UE_4.13/Engine/Plugins/Online/OnlineSubsystemFacebook/OnlineSubsystemFacebook.uplugin
LogPluginManager: Loaded Plugin OnlineSubsystemNull, From D:/epic/ue/UE_4.13/Engine/Plugins/Online/OnlineSubsystemNull/OnlineSubsystemNull.uplugin
LogPluginManager: Loaded Plugin OnlineSubsystemOculus, From D:/epic/ue/UE_4.13/Engine/Plugins/Online/OnlineSubsystemOculus/OnlineSubsystemOculus.uplugin
LogPluginManager: Loaded Plugin OnlineSubsystemSteam, From D:/epic/ue/UE_4.13/Engine/Plugins/Online/OnlineSubsystemSteam/OnlineSubsystemSteam.uplugin
LogPluginManager: Loaded Plugin OnlineSubsystemUtils, From D:/epic/ue/UE_4.13/Engine/Plugins/Online/OnlineSubsystemUtils/OnlineSubsystemUtils.uplugin
LogPluginManager: Loaded Plugin IOSTapJoy, From D:/epic/ue/UE_4.13/Engine/Plugins/Runtime/Advertising/IOSTapJoy/IOSTapJoy.uplugin
LogPluginManager: Loaded Plugin AnalyticsBlueprintLibrary, From D:/epic/ue/UE_4.13/Engine/Plugins/Runtime/Analytics/AnalyticsBlueprintLibrary/AnalyticsBlueprintLibrary.uplugin
LogPluginManager: Loaded Plugin AnalyticsMulticast, From D:/epic/ue/UE_4.13/Engine/Plugins/Runtime/Analytics/AnalyticsMulticast/AnalyticsMulticast.uplugin
LogPluginManager: Loaded Plugin Apsalar, From D:/epic/ue/UE_4.13/Engine/Plugins/Runtime/Analytics/Apsalar/Apsalar.uplugin
LogPluginManager: Loaded Plugin FileLogging, From D:/epic/ue/UE_4.13/Engine/Plugins/Runtime/Analytics/FileLogging/FileLogging.uplugin
LogPluginManager: Loaded Plugin Flurry, From D:/epic/ue/UE_4.13/Engine/Plugins/Runtime/Analytics/Flurry/Flurry.uplugin
LogPluginManager: Loaded Plugin AndroidDeviceProfileSelector, From D:/epic/ue/UE_4.13/Engine/Plugins/Runtime/AndroidDeviceProfileSelector/AndroidDeviceProfileSelector.uplugin
LogPluginManager: Loaded Plugin AndroidMoviePlayer, From D:/epic/ue/UE_4.13/Engine/Plugins/Runtime/AndroidMoviePlayer/AndroidMoviePlayer.uplugin
LogPluginManager: Loaded Plugin AppleMoviePlayer, From D:/epic/ue/UE_4.13/Engine/Plugins/Runtime/AppleMoviePlayer/AppleMoviePlayer.uplugin
LogPluginManager: Loaded Plugin ArchVisCharacter, From D:/epic/ue/UE_4.13/Engine/Plugins/Runtime/ArchVisCharacter/ArchVisCharacter.uplugin
LogPluginManager: Loaded Plugin CableComponent, From D:/epic/ue/UE_4.13/Engine/Plugins/Runtime/CableComponent/CableComponent.uplugin
LogPluginManager: Loaded Plugin CustomMeshComponent, From D:/epic/ue/UE_4.13/Engine/Plugins/Runtime/CustomMeshComponent/CustomMeshComponent.uplugin
LogPluginManager: Loaded Plugin ExampleDeviceProfileSelector, From D:/epic/ue/UE_4.13/Engine/Plugins/Runtime/ExampleDeviceProfileSelector/ExampleDeviceProfileSelector.uplugin
LogPluginManager: Loaded Plugin GearVR, From D:/epic/ue/UE_4.13/Engine/Plugins/Runtime/GearVR/GearVR.uplugin
LogPluginManager: Loaded Plugin GoogleVRController, From D:/epic/ue/UE_4.13/Engine/Plugins/Runtime/GoogleVR/GoogleVRController/GoogleVRController.uplugin
LogPluginManager: Loaded Plugin GoogleVRHMD, From D:/epic/ue/UE_4.13/Engine/Plugins/Runtime/GoogleVR/GoogleVRHMD/GoogleVRHMD.uplugin
LogPluginManager: Loaded Plugin IOSDeviceProfileSelector, From D:/epic/ue/UE_4.13/Engine/Plugins/Runtime/IOSDeviceProfileSelector/IOSDeviceProfileSelector.uplugin
LogPluginManager: Loaded Plugin LeapMotion, From D:/epic/ue/UE_4.13/Engine/Plugins/Runtime/LeapMotion/LeapMotion.uplugin
LogPluginManager: Loaded Plugin LinuxDeviceProfileSelector, From D:/epic/ue/UE_4.13/Engine/Plugins/Runtime/LinuxDeviceProfileSelector/LinuxDeviceProfileSelector.uplugin
LogPluginManager: Loaded Plugin LiveEditorListenServer, From D:/epic/ue/UE_4.13/Engine/Plugins/Runtime/LiveEditorListenServer/LiveEditorListenServer.uplugin
LogPluginManager: Loaded Plugin OculusAudio, From D:/epic/ue/UE_4.13/Engine/Plugins/Runtime/OculusAudio/OculusAudio.uplugin
LogPluginManager: Loaded Plugin OculusInput, From D:/epic/ue/UE_4.13/Engine/Plugins/Runtime/OculusInput/OculusInput.uplugin
LogPluginManager: Loaded Plugin OculusLibrary, From D:/epic/ue/UE_4.13/Engine/Plugins/Runtime/OculusLibrary/OculusLibrary.uplugin
LogPluginManager: Loaded Plugin OculusRift, From D:/epic/ue/UE_4.13/Engine/Plugins/Runtime/OculusRift/OculusRift.uplugin
LogPluginManager: Loaded Plugin Oodle, From D:/epic/ue/UE_4.13/Engine/Plugins/Runtime/PacketHandlers/CompressionComponents/Oodle/Oodle.uplugin
LogPluginManager: Loaded Plugin ProceduralMeshComponent, From D:/epic/ue/UE_4.13/Engine/Plugins/Runtime/ProceduralMeshComponent/ProceduralMeshComponent.uplugin
LogPluginManager: Loaded Plugin SoundMod, From D:/epic/ue/UE_4.13/Engine/Plugins/Runtime/SoundMod/SoundMod.uplugin
LogPluginManager: Loaded Plugin SoundVisualizations, From D:/epic/ue/UE_4.13/Engine/Plugins/Runtime/SoundVisualizations/SoundVisualizations.uplugin
LogPluginManager: Loaded Plugin SteamController, From D:/epic/ue/UE_4.13/Engine/Plugins/Runtime/Steam/SteamController/SteamController.uplugin
LogPluginManager: Loaded Plugin SteamVR, From D:/epic/ue/UE_4.13/Engine/Plugins/Runtime/Steam/SteamVR/SteamVR.uplugin
LogPluginManager: Loaded Plugin WebBrowserWidget, From D:/epic/ue/UE_4.13/Engine/Plugins/Runtime/WebBrowserWidget/WebBrowserWidget.uplugin
LogPluginManager: Loaded Plugin WindowsDeviceProfileSelector, From D:/epic/ue/UE_4.13/Engine/Plugins/Runtime/WindowsDeviceProfileSelector/WindowsDeviceProfileSelector.uplugin
LogPluginManager: Loaded Plugin WindowsMoviePlayer, From D:/epic/ue/UE_4.13/Engine/Plugins/Runtime/WindowsMoviePlayer/WindowsMoviePlayer.uplugin
LogPluginManager: Loaded Plugin ScriptPlugin, From D:/epic/ue/UE_4.13/Engine/Plugins/ScriptPlugin/ScriptPlugin.uplugin
LogPluginManager: Loaded Plugin SlateRemote, From D:/epic/ue/UE_4.13/Engine/Plugins/Slate/SlateRemote/SlateRemote.uplugin
LogInit: Using libcurl 7.47.1
LogInit:  - built for x86_64-pc-win32
LogInit:  - supports SSL with WinSSL
LogInit:  - other features:
LogInit:      CURL_VERSION_SSL
LogInit:      CURL_VERSION_IPV6
LogInit:      CURL_VERSION_ASYNCHDNS
LogInit:      CURL_VERSION_LARGEFILE
LogInit:      CURL_VERSION_IDN
LogInit:  CurlRequestOptions (configurable via config and command line):
LogInit:  - bVerifyPeer = false  - Libcurl will NOT verify peer certificate
LogInit:  - bUseHttpProxy = false  - Libcurl will NOT use HTTP proxy
LogInit:  - bDontReuseConnections = false  - Libcurl will reuse connections
LogInit:  - CertBundlePath = nullptr  - Libcurl will use whatever was configured at build time.
LogInit: Build: ++UE4+Release-4.13-CL-3172292
LogInit: Engine Version: 4.13.2-3172292+++UE4+Release-4.13
LogInit: Compatible Engine Version: 4.13.0-3106830+++UE4+Release-4.13
LogInit: Net CL: 3172292
LogDevObjectVersion: Number of dev versions registered: 13
LogDevObjectVersion:   Dev-Blueprints (B0D832E4-1F89-4F0D-ACCF-7EB736FD4AA2): 5
LogDevObjectVersion:   Dev-Build (E1C64328-A22C-4D53-A36C-8E866417BD8C): 0
LogDevObjectVersion:   Dev-Core (375EC13C-06E4-48FB-B500-84F0262A717E): 1
LogDevObjectVersion:   Dev-Editor (E4B068ED-F494-42E9-A231-DA0B2E46BB41): 6
LogDevObjectVersion:   Dev-Framework (CFFC743F-43B0-4480-9391-14DF171D2073): 12
LogDevObjectVersion:   Dev-Mobile (B02B49B5-BB20-44E9-A304-32B752E40360): 0
LogDevObjectVersion:   Dev-Networking (A4E4105C-59A1-49B5-A7C5-40C4547EDFEE): 0
LogDevObjectVersion:   Dev-Online (39C831C9-5AE6-47DC-9A44-9C173E1C8E7C): 0
LogDevObjectVersion:   Dev-Physics (78F01B33-EBEA-4F98-B9B4-84EACCB95AA2): 0
LogDevObjectVersion:   Dev-Platform (6631380F-2D4D-43E0-8009-CF276956A95A): 0
LogDevObjectVersion:   Dev-Rendering (12F88B9F-8875-4AFC-A67C-D90C383ABD29): 4
LogDevObjectVersion:   Dev-Sequencer (7B5AE74C-D270-4C10-A958-57980B212A5A): 0
LogDevObjectVersion:   Dev-VR (D7296918-1DD6-4BDD-9DE2-64A83CC13884): 0
LogInit: Compiled (64-bit): Oct 24 2016 14:29:06
LogInit: Compiled with Visual C++: 19.00.23026.00
LogInit: Build Configuration: Development
LogInit: Branch Name: ++UE4+Release-4.13
LogInit: Command line: -dx12
LogInit: Base directory: D:/epic/ue/UE_4.13/Engine/Binaries/Win64/
LogInit: Installed Engine Build: 1
LogInit: Presizing for max 8388607 objects, including 0 objects not considered by GC, pre-allocating 0 bytes for permanent pool.
LogInit: Object subsystem initialized
[2023.08.25-22.06.06:362][  0]LogInit: Selected Device Profile: [Windows]
[2023.08.25-22.06.06:362][  0]LogInit: Applying CVar settings loaded from the selected device profile: [Windows]
[2023.08.25-22.06.06:381][  0]LogInit: Computer: DESKTOP-MOB2S7A
[2023.08.25-22.06.06:381][  0]LogInit: User: moham
[2023.08.25-22.06.06:381][  0]LogInit: CPU Page size=65536, Cores=4
[2023.08.25-22.06.06:381][  0]LogInit: High frequency timer resolution =10.000000 MHz
[2023.08.25-22.06.06:381][  0]LogMemory: Memory total: Physical=15.9GB (16GB approx)
[2023.08.25-22.06.06:381][  0]LogMemory: Platform Memory Stats for Windows
[2023.08.25-22.06.06:381][  0]LogMemory: Process Physical Memory: 258.04 MB used, 258.04 MB peak
[2023.08.25-22.06.06:381][  0]LogMemory: Process Virtual Memory: 260.06 MB used, 260.06 MB peak
[2023.08.25-22.06.06:381][  0]LogMemory: Physical Memory: 7680.50 MB used, 16306.52 MB total
[2023.08.25-22.06.06:381][  0]LogMemory: Virtual Memory: 4744.83 MB used, 134217728.00 MB total
[2023.08.25-22.06.06:432][  0]LogTextLocalizationManager: No specific translations for ('en-US') exist, so ('en') translations will be used.
[2023.08.25-22.06.07:951][  0]LogD3D12RHI: Found D3D12 adapter 0: Radeon RX 570 (Feature Level 11_0)
[2023.08.25-22.06.07:951][  0]LogD3D12RHI: Adapter has 4074MB of dedicated video memory, 0MB of dedicated system memory, and 8153MB of shared system memory, 2 output[s]
[2023.08.25-22.06.07:987][  0]LogD3D12RHI: Found D3D12 adapter 1: Microsoft Basic Render Driver (Feature Level 11_0)
[2023.08.25-22.06.07:987][  0]LogD3D12RHI: Adapter has 0MB of dedicated video memory, 0MB of dedicated system memory, and 8153MB of shared system memory, 0 output[s]
[2023.08.25-22.06.07:987][  0]LogD3D12RHI: Chosen D3D12 Adapter Id = 0
[2023.08.25-22.06.08:137][  0]LogD3D12RHI: The system supports ID3D12Device1.
[2023.08.25-22.06.08:191][  0]LogD3D12RHI: Creating Pipeline Library from existing disk cache (798 KiB containing 0 PSOs).
[2023.08.25-22.06.08:249][  0]LogD3D12RHI: Async texture creation disabled: no driver support
[2023.08.25-22.06.08:249][  0]LogD3D12RHI:     GPU DeviceId: 0x67df (for the marketing name, search the web for "GPU Device Id")
[2023.08.25-22.06.08:249][  0]LogWindows: EnumDisplayDevices:
[2023.08.25-22.06.08:250][  0]LogWindows:    0. 'Radeon RX 570' (P:1 D:1)
[2023.08.25-22.06.08:250][  0]LogWindows:    1. 'Radeon RX 570' (P:0 D:1)
[2023.08.25-22.06.08:251][  0]LogWindows:    2. 'Radeon RX 570' (P:0 D:0)
[2023.08.25-22.06.08:252][  0]LogWindows:    3. 'Radeon RX 570' (P:0 D:0)
[2023.08.25-22.06.08:253][  0]LogWindows:    4. 'Radeon RX 570' (P:0 D:0)
[2023.08.25-22.06.08:254][  0]LogWindows:    5. 'Radeon RX 570' (P:0 D:0)
[2023.08.25-22.06.08:254][  0]LogWindows:    6. 'Radeon RX 570' (P:0 D:0)
[2023.08.25-22.06.08:255][  0]LogWindows: DebugString: GetVideoDriverDetailsInvalid PrimaryIsNotTheChoosenAdapter GetVideoDriverDetailsInvalid PrimaryIsNotTheChoosenAdapter GetVideoDriverDetailsInvalid PrimaryIsNotTheChoosenAdapter GetVideoDriverDetailsInvalid PrimaryIsNotTheChoosenAdapter GetVideoDriverDetailsInvalid PrimaryIsNotTheChoosenAdapter GetVideoDriverDetailsInvalid PrimaryIsNotTheChoosenAdapter GetVideoDriverDetailsInvalid PrimaryIsNotTheChoosenAdapter FoundDriverCount:0 
[2023.08.25-22.06.08:255][  0]LogD3D12RHI:     Adapter Name: Radeon RX 570
[2023.08.25-22.06.08:255][  0]LogD3D12RHI:   Driver Version: Unknown (internal:Unknown, unified:Unknown)
[2023.08.25-22.06.08:255][  0]LogD3D12RHI:      Driver Date: Unknown
[2023.08.25-22.06.08:255][  0]LogRHI: Texture pool is 1361 MB (70% of 1945 MB)
[2023.08.25-22.06.08:281][  0]LogShaderCompilers: Guid format shader working directory is 20 characters bigger than the processId version (F:/SaveGame/StateOfDecay2/Intermediate/Shaders/WorkingDirectory/26212/).
[2023.08.25-22.06.08:282][  0]LogShaderCompilers: Cleaned the shader compiler working directory 'C:/Users/moham/AppData/Local/Temp/UnrealShaderWorkingDir/493A2FDC4A99C7F6BA6BBEBC2D663E9E/'.
[2023.08.25-22.06.08:282][  0]LogShaderCompilers:Display: Using Local Shader Compiler.
[2023.08.25-22.06.09:570][  0]LogTemp:Display: Loaded TP AllDesktopTargetPlatform
[2023.08.25-22.06.09:580][  0]LogTemp:Display: Loaded TP WindowsClientTargetPlatform
[2023.08.25-22.06.09:590][  0]LogTemp:Display: Loaded TP WindowsNoEditorTargetPlatform
[2023.08.25-22.06.09:602][  0]LogTemp:Display: Loaded TP WindowsServerTargetPlatform
[2023.08.25-22.06.09:612][  0]LogTemp:Display: Loaded TP WindowsTargetPlatform
[2023.08.25-22.06.09:621][  0]LogTemp:Display: Loaded TP AndroidTargetPlatform
[2023.08.25-22.06.09:629][  0]LogTemp:Display: Loaded TP Android_ASTCTargetPlatform
[2023.08.25-22.06.09:638][  0]LogTemp:Display: Loaded TP Android_ATCTargetPlatform
[2023.08.25-22.06.09:646][  0]LogTemp:Display: Loaded TP Android_DXTTargetPlatform
[2023.08.25-22.06.09:655][  0]LogTemp:Display: Loaded TP Android_ETC1TargetPlatform
[2023.08.25-22.06.09:665][  0]LogTemp:Display: Loaded TP Android_ETC2TargetPlatform
[2023.08.25-22.06.09:687][  0]LogTemp:Display: Loaded TP Android_MultiTargetPlatform
[2023.08.25-22.06.09:687][  0]LogTemp:Display: Loaded TP Android_PVRTCTargetPlatform
[2023.08.25-22.06.09:690][  0]LogTemp:Display: Loaded TP HTML5TargetPlatform
[2023.08.25-22.06.09:716][  0]LogTemp:Display: Loaded TP IOSTargetPlatform
[2023.08.25-22.06.09:726][  0]LogTemp:Display: Loaded TP TVOSTargetPlatform
[2023.08.25-22.06.09:736][  0]LogTemp:Display: Loaded TP LinuxClientTargetPlatform
[2023.08.25-22.06.09:747][  0]LogTemp:Display: Loaded TP LinuxNoEditorTargetPlatform
[2023.08.25-22.06.09:757][  0]LogTemp:Display: Loaded TP LinuxServerTargetPlatform
[2023.08.25-22.06.09:766][  0]LogTemp:Display: Loaded TP LinuxTargetPlatform
[2023.08.25-22.06.09:766][  0]LogTargetPlatformManager:Display: Building Assets For Windows
[2023.08.25-22.06.09:900][  0]LogDerivedDataCache:Display: Max Cache Size: 512 MB
[2023.08.25-22.06.09:970][  0]LogDerivedDataCache: Loaded boot cache 0.07s 67MB C:/Users/moham/AppData/Local/UnrealEngine/4.13/DerivedDataCache/Boot.ddc.
[2023.08.25-22.06.09:971][  0]LogDerivedDataCache:Display: Loaded Boot cache: C:/Users/moham/AppData/Local/UnrealEngine/4.13/DerivedDataCache/Boot.ddc
[2023.08.25-22.06.09:971][  0]LogDerivedDataCache: FDerivedDataBackendGraph:  Pak pak cache file F:/SaveGame/StateOfDecay2/DerivedDataCache/DDC.ddp not found, will not use a pak cache.
[2023.08.25-22.06.09:971][  0]LogDerivedDataCache: Unable to find inner node Pak for hierarchical cache Hierarchy.
[2023.08.25-22.06.09:971][  0]LogDerivedDataCache: FDerivedDataBackendGraph:  CompressedPak pak cache file F:/SaveGame/StateOfDecay2/DerivedDataCache/Compressed.ddp not found, will not use a pak cache.
[2023.08.25-22.06.09:971][  0]LogDerivedDataCache: Unable to find inner node CompressedPak for hierarchical cache Hierarchy.
[2023.08.25-22.06.09:987][  0]LogDerivedDataCache:Display: Pak cache opened for reading ../../../Engine/DerivedDataCache/Compressed.ddp.
[2023.08.25-22.06.10:001][  0]LogDerivedDataCache: Using Local data cache path C:/Users/moham/AppData/Local/UnrealEngine/Common/DerivedDataCache: Writable
[2023.08.25-22.06.10:279][  0]LogInit: Selected Device Profile: [Windows]
[2023.08.25-22.06.10:283][  0]LogContentStreaming: Texture pool size is 0.00 MB
[2023.08.25-22.06.10:399][  0]LogMeshUtilities: No automatic mesh reduction module available
[2023.08.25-22.06.10:399][  0]LogMeshUtilities: No automatic mesh merging module available
[2023.08.25-22.06.10:399][  0]LogMeshUtilities: No distributed automatic mesh merging module available
[2023.08.25-22.06.10:497][  0]LogMaterial: Uniform references updated for custom material expression Custom.
[2023.08.25-22.06.10:839][  0]LogNetVersion: GetLocalNetworkVersion: CL: 3106830, ProjectName: stateofdecay2, ProjectVersion: , EngineNetworkVersion: 1, GameNetworkVersion: 0, NetworkChecksum: 1605929814
[2023.08.25-22.06.10:878][  0]LogAssetRegistry: FAssetRegistry took 0.0220 seconds to start up
[2023.08.25-22.06.10:952][  0]LogPackageLocalizationCache: Processed 3 localized package path(s) for 2 prioritized culture(s) in 0.070891 seconds
[2023.08.25-22.06.10:961][  0]LogUObjectArray: 29778 objects as part of root set at end of initial load.
[2023.08.25-22.06.10:961][  0]LogUObjectAllocator: 6125448 out of 0 bytes used by permanent object pool.
[2023.08.25-22.06.10:961][  0]LogUObjectArray: CloseDisregardForGC: 0/0 objects in disregard for GC pool
[2023.08.25-22.06.10:969][  0]LogInit: WinSock: version 1.1 (2.2), MaxSocks=32767, MaxUdp=65467
[2023.08.25-22.06.11:275][  0]LogSlate: SlateFontCache - WITH_FREETYPE: 1, WITH_HARFBUZZ: 1
[2023.08.25-22.06.11:275][  0]LogSlate: SlateFontCache - WITH_FREETYPE: 1, WITH_HARFBUZZ: 1
[2023.08.25-22.06.12:727][  0]LogTcpMessaging: Initializing TcpMessaging bridge
[2023.08.25-22.06.12:768][  0]LogUdpMessaging: Initializing bridge on interface 0.0.0.0:0 to multicast group 230.0.0.1:6666.
[2023.08.25-22.06.13:137][  0]SourceControl: Info Source control is disabled
[2023.08.25-22.06.13:231][  0]SourceControl: Info Source control is disabled
[2023.08.25-22.06.13:255][  0]SourceControl: Info Source control is disabled
[2023.08.25-22.06.13:277][  0]SourceControl: Info Source control is disabled
[2023.08.25-22.06.13:920][  0]LogEngine: Initializing Engine...
[2023.08.25-22.06.13:922][  0]LogHMD: Failed to initialize OpenVR with code 110
[2023.08.25-22.06.14:076][  0]LogAIModule: Creating AISystem for world Untitled
[2023.08.25-22.06.14:157][  0]LogInit: XAudio2 using 'Headphones (SteelSeries Arctis 7X)' : 2 channels at 48 kHz using 16 bits per sample (channel mask 0x3)
[2023.08.25-22.06.14:193][  0]LogInit: FAudioDevice initialized.
[2023.08.25-22.06.14:282][  0]LogDerivedDataCache: Saved boot cache 0.09s 63MB C:/Users/moham/AppData/Local/UnrealEngine/4.13/DerivedDataCache/Boot.ddc.
[2023.08.25-22.06.14:296][  0]LogInit: Texture streaming: Enabled
[2023.08.25-22.06.14:366][  0]LogInit: Transaction tracking system initialized
[2023.08.25-22.06.14:397][  0]BlueprintLog: New page: Editor Load
[2023.08.25-22.06.14:513][  0]LocalizationService: Info Localization service is disabled
[2023.08.25-22.06.14:634][  0]LogConsoleResponse:Display: 
[2023.08.25-22.06.14:779][  0]LogCook:Display: Max memory allowance for cook 16384mb min free memory 0mb
[2023.08.25-22.06.14:779][  0]LogCook:Display: Mobile HDR setting 1
[2023.08.25-22.06.14:829][  0]LogFileCache: Scanning file cache for directory 'F:/SaveGame/StateOfDecay2/Content/' took 0.02s
[2023.08.25-22.06.15:116][  0]SourceControl: Info Source control is disabled
[2023.08.25-22.06.15:117][  0]Cmd: MAP LOAD FILE="F:/SaveGame/StateOfDecay2/Content/ThirdPersonBP/Maps/ThirdPersonExampleMap.umap" TEMPLATE=0 SHOWPROGRESS=1 FEATURELEVEL=3
[2023.08.25-22.06.15:128][  0]LightingResults: New page: Lighting Build
[2023.08.25-22.06.15:131][  0]MapCheck: New page: Map Check
[2023.08.25-22.06.15:131][  0]LightingResults: New page: Lighting Build
[2023.08.25-22.06.16:978][  0]LogAIModule: Creating AISystem for world ThirdPersonExampleMap
[2023.08.25-22.06.17:058][  0]LogEditorServer: Finished looking for orphan Actors (0.000 secs)
[2023.08.25-22.06.17:059][  0]Cmd: MAP CHECKDEP NOCLEARLOG
[2023.08.25-22.06.17:188][  0]MapCheck: Info Map check complete: 0 Error(s), 0 Warning(s), took 128.528ms to complete.
[2023.08.25-22.06.17:188][  0]LogFileHelpers: Loading map 'ThirdPersonExampleMap' took 2.071
[2023.08.25-22.06.17:617][  0]LogCollectionManager: Loaded 1 collections in 0.005322 seconds
[2023.08.25-22.06.17:729][  0]LogFileCache: Scanning file cache for directory 'F:/SaveGame/StateOfDecay2/Saved/Collections/' took 0.01s
[2023.08.25-22.06.17:729][  0]LogFileCache: Scanning file cache for directory 'F:/SaveGame/StateOfDecay2/Content/Developers/moham/Collections/' took 0.01s
[2023.08.25-22.06.17:729][  0]LogFileCache: Scanning file cache for directory 'F:/SaveGame/StateOfDecay2/Content/Collections/' took 0.01s
[2023.08.25-22.06.17:729][  0]LogCollectionManager: Rebuilt the GUID cache for 1 collections in 0.000008 seconds
[2023.08.25-22.06.17:729][  0]LogCollectionManager: Rebuilt the hierarchy cache for 1 collections in 0.000001 seconds
[2023.08.25-22.06.17:745][  0]LogContentBrowser: Native class hierarchy populated in 0.0129 seconds. Added 2155 classes and 418 folders.
[2023.08.25-22.06.17:781][  0]LogStats: UGameplayTagsManager::ConstructGameplayTagTree: Construct from data asset -  0.000 s
[2023.08.25-22.06.17:781][  0]LogStats: UGameplayTagsManager::ConstructGameplayTagTree: GameplayTagTreeChangedEvent.Broadcast -  0.000 s
[2023.08.25-22.06.17:783][  0]LogContentBrowser: Native class hierarchy updated for 'GameplayTags' in 0.0013 seconds. Added 12 classes and 0 folders.
[2023.08.25-22.06.17:808][  0]LogContentBrowser: Native class hierarchy updated for 'WidgetCarousel' in 0.0009 seconds. Added 0 classes and 0 folders.
[2023.08.25-22.06.18:591][  0]LogContentBrowser: Native class hierarchy updated for 'AddContentDialog' in 0.0010 seconds. Added 0 classes and 0 folders.
[2023.08.25-22.06.18:646][  0]LogContentBrowser: Native class hierarchy updated for 'SceneOutliner' in 0.0010 seconds. Added 1 classes and 2 folders.
[2023.08.25-22.06.18:871][  0]LogCrashTracker: Crashtracker disabled due to settings.
[2023.08.25-22.06.19:047][  0]LogUObjectGlobals:Warning: Failed to find object 'Class None.'
[2023.08.25-22.06.19:100][  0]LogContentBrowser: Native class hierarchy updated for 'HierarchicalLODOutliner' in 0.0010 seconds. Added 1 classes and 2 folders.
[2023.08.25-22.06.19:101][  0]LogLoad: (Engine Initialization) Total time: 14.32 seconds
[2023.08.25-22.06.19:101][  0]LogLoad: (Engine Initialization) Total Blueprint compile time: 0.41 seconds
[2023.08.25-22.06.19:101][  0]LogExternalProfiler: Found external profiler: VSPerf
[2023.08.25-22.06.19:101][  0]LogExternalProfiler: Using external profiler: VSPerf
[2023.08.25-22.06.19:112][  0]LogOcInput: OculusInput pre-init called
[2023.08.25-22.06.19:215][  0]LogContentStreaming: Texture pool size now 1000 MB
[2023.08.25-22.06.19:637][  0]LogRenderer: Reallocating scene render targets to support 1072x540 (Frame:2).
[2023.08.25-22.06.19:795][  1]LogAssetRegistry: Asset discovery search completed in 8.9398 seconds
[2023.08.25-22.06.19:795][  1]LogCollectionManager: Rebuilt the object cache for 1 collections in 0.000010 seconds (found 0 objects)
[2023.08.25-22.06.19:796][  1]LogCollectionManager: Fixed up redirectors for 1 collections in 0.000106 seconds (updated 0 objects)
[2023.08.25-22.11.45:508][369]Cmd: QUIT_EDITOR
[2023.08.25-22.11.45:540][369]LogWindowsTextInputMethodSystem:Display: IME system now deactivated.
[2023.08.25-22.11.45:563][369]LogExit: Preparing to exit.
[2023.08.25-22.11.46:068][369]LogExit: Editor shut down
[2023.08.25-22.11.46:069][369]LogExit: Transaction tracking system shut down
[2023.08.25-22.11.46:194][369]LogObj: Freed 0b from 0 cluster array pools.
[2023.08.25-22.11.46:194][369]LogExit: Object subsystem successfully closed.
[2023.08.25-22.11.46:218][369]LogD3D12RHI: Serializing Pipeline Library to disk (798 KiB containing 0 PSOs)
[2023.08.25-22.11.46:292][369]LogD3D12RHI: ~FD3D12DynamicRHI
[2023.08.25-22.11.46:301][369]LogModuleManager: Shutting down and abandoning module HierarchicalLODOutliner (235)
[2023.08.25-22.11.46:301][369]LogModuleManager: Shutting down and abandoning module CrashTracker (234)
[2023.08.25-22.11.46:301][369]LogModuleManager: Shutting down and abandoning module SceneOutliner (233)
[2023.08.25-22.11.46:302][369]LogModuleManager: Shutting down and abandoning module WidgetCarousel (232)
[2023.08.25-22.11.46:302][369]LogModuleManager: Shutting down and abandoning module AddContentDialog (231)
[2023.08.25-22.11.46:302][369]LogDirectoryWatcher: A directory notification for 'D:/epic/ue/UE_4.13/FeaturePacks/' was aborted.
[2023.08.25-22.11.46:303][369]LogModuleManager: Shutting down and abandoning module GameplayTags (230)
[2023.08.25-22.11.46:303][369]LogModuleManager: Shutting down and abandoning module EditorWidgets (229)
[2023.08.25-22.11.46:303][369]LogModuleManager: Shutting down and abandoning module CollectionManager (228)
[2023.08.25-22.11.46:303][369]LogDirectoryWatcher: A directory notification for 'F:/SaveGame/StateOfDecay2/Content/Collections/' was aborted.
[2023.08.25-22.11.46:303][369]LogDirectoryWatcher: A directory notification for 'F:/SaveGame/StateOfDecay2/Content/Developers/moham/Collections/' was aborted.
[2023.08.25-22.11.46:303][369]LogDirectoryWatcher: A directory notification for 'F:/SaveGame/StateOfDecay2/Saved/Collections/' was aborted.
[2023.08.25-22.11.46:303][369]LogModuleManager: Shutting down and abandoning module StatsViewer (227)
[2023.08.25-22.11.46:303][369]LogModuleManager: Shutting down and abandoning module FoliageEdit (226)
[2023.08.25-22.11.46:303][369]LogModuleManager: Shutting down and abandoning module LandscapeEditor (225)
[2023.08.25-22.11.46:303][369]LogModuleManager: Shutting down and abandoning module SceneDepthPickerMode (224)
[2023.08.25-22.11.46:303][369]LogModuleManager: Shutting down and abandoning module ActorPickerMode (223)
[2023.08.25-22.11.46:303][369]LogModuleManager: Shutting down and abandoning module GeometryMode (222)
[2023.08.25-22.11.46:303][369]LogModuleManager: Shutting down and abandoning module TextureAlignMode (221)
[2023.08.25-22.11.46:303][369]LogModuleManager: Shutting down and abandoning module BspMode (220)
[2023.08.25-22.11.46:303][369]LogModuleManager: Shutting down and abandoning module HardwareSurvey (219)
[2023.08.25-22.11.46:303][369]LogModuleManager: Shutting down and abandoning module SequenceRecorderSections (218)
[2023.08.25-22.11.46:303][369]LogModuleManager: Shutting down and abandoning module SequenceRecorder (217)
[2023.08.25-22.11.46:303][369]LogModuleManager: Shutting down and abandoning module AutomationWorker (216)
[2023.08.25-22.11.46:303][369]LogModuleManager: Shutting down and abandoning module MatineeToLevelSequence (215)
[2023.08.25-22.11.46:303][369]LogModuleManager: Shutting down and abandoning module PlacementMode (214)
[2023.08.25-22.11.46:303][369]LogModuleManager: Shutting down and abandoning module LevelSequenceEditor (213)
[2023.08.25-22.11.46:303][369]LogModuleManager: Shutting down and abandoning module WmfMediaFactory (212)
[2023.08.25-22.11.46:303][369]LogModuleManager: Shutting down and abandoning module WmfMediaEditor (211)
[2023.08.25-22.11.46:303][369]LogModuleManager: Shutting down and abandoning module AvfMediaFactory (210)
[2023.08.25-22.11.46:303][369]LogModuleManager: Shutting down and abandoning module AvfMediaEditor (209)
[2023.08.25-22.11.46:304][369]LogModuleManager: Shutting down and abandoning module Media (208)
[2023.08.25-22.11.46:304][369]LogModuleManager: Shutting down and abandoning module AndroidMediaFactory (207)
[2023.08.25-22.11.46:304][369]LogModuleManager: Shutting down and abandoning module AndroidMediaEditor (206)
[2023.08.25-22.11.46:304][369]LogModuleManager: Shutting down and abandoning module CharacterAI (205)
[2023.08.25-22.11.46:304][369]LogModuleManager: Shutting down and abandoning module SmartSnapping (204)
[2023.08.25-22.11.46:304][369]LogModuleManager: Shutting down and abandoning module SessionServices (203)
[2023.08.25-22.11.46:304][369]LogModuleManager: Shutting down and abandoning module ViewportSnapping (202)
[2023.08.25-22.11.46:304][369]LogModuleManager: Shutting down and abandoning module ViewportInteraction (201)
[2023.08.25-22.11.46:304][369]LogModuleManager: Shutting down and abandoning module LogVisualizer (200)
[2023.08.25-22.11.46:304][369]LogModuleManager: Shutting down and abandoning module GameProjectGeneration (199)
[2023.08.25-22.11.46:304][369]LogModuleManager: Shutting down and abandoning module IntroTutorials (198)
[2023.08.25-22.11.46:304][369]LogModuleManager: Shutting down and abandoning module EditorLiveStreaming (197)
[2023.08.25-22.11.46:304][369]LogModuleManager: Shutting down and abandoning module IOSPlatformEditor (196)
[2023.08.25-22.11.46:304][369]LogModuleManager: Shutting down and abandoning module HTML5PlatformEditor (195)
[2023.08.25-22.11.46:304][369]LogModuleManager: Shutting down and abandoning module AndroidDeviceDetection (194)
[2023.08.25-22.11.46:766][369]LogModuleManager: Shutting down and abandoning module AndroidPlatformEditor (193)
[2023.08.25-22.11.46:766][369]LogModuleManager: Shutting down and abandoning module IOSRuntimeSettings (192)
[2023.08.25-22.11.46:766][369]LogModuleManager: Shutting down and abandoning module AndroidRuntimeSettings (191)
[2023.08.25-22.11.46:766][369]LogModuleManager: Shutting down and abandoning module NiagaraEditor (190)
[2023.08.25-22.11.46:766][369]LogModuleManager: Shutting down and abandoning module MergeActors (189)
[2023.08.25-22.11.46:766][369]LogModuleManager: Shutting down and abandoning module SizeMap (188)
[2023.08.25-22.11.46:766][369]LogModuleManager: Shutting down and abandoning module TreeMap (187)
[2023.08.25-22.11.46:766][369]LogModuleManager: Shutting down and abandoning module ReferenceViewer (186)
[2023.08.25-22.11.46:766][369]LogModuleManager: Shutting down and abandoning module LocalizationService (185)
[2023.08.25-22.11.46:766][369]LogModuleManager: Shutting down and abandoning module LocalizationDashboard (184)
[2023.08.25-22.11.46:767][369]LogModuleManager: Shutting down and abandoning module HardwareTargeting (183)
[2023.08.25-22.11.46:767][369]LogModuleManager: Shutting down and abandoning module DeviceProfileEditor (182)
[2023.08.25-22.11.46:767][369]LogModuleManager: Shutting down and abandoning module UndoHistory (181)
[2023.08.25-22.11.46:767][369]LogModuleManager: Shutting down and abandoning module UserFeedback (180)
[2023.08.25-22.11.46:767][369]LogModuleManager: Shutting down and abandoning module XmlParser (179)
[2023.08.25-22.11.46:767][369]LogModuleManager: Shutting down and abandoning module Blutility (178)
[2023.08.25-22.11.46:767][369]LogModuleManager: Shutting down and abandoning module ProjectTargetPlatformEditor (177)
[2023.08.25-22.11.46:767][369]LogModuleManager: Shutting down and abandoning module ProjectSettingsViewer (176)
[2023.08.25-22.11.46:767][369]LogModuleManager: Shutting down and abandoning module InputBindingEditor (175)
[2023.08.25-22.11.46:767][369]LogModuleManager: Shutting down and abandoning module EditorSettingsViewer (174)
[2023.08.25-22.11.46:767][369]LogModuleManager: Shutting down and abandoning module SettingsEditor (173)
[2023.08.25-22.11.46:767][369]LogModuleManager: Shutting down and abandoning module ProjectLauncher (172)
[2023.08.25-22.11.46:767][369]LogModuleManager: Shutting down and abandoning module SessionFrontend (171)
[2023.08.25-22.11.46:767][369]LogModuleManager: Shutting down and abandoning module ProfilerClient (170)
[2023.08.25-22.11.46:767][369]LogModuleManager: Shutting down and abandoning module TargetDeviceServices (169)
[2023.08.25-22.11.46:767][369]LogModuleManager: Shutting down and abandoning module DeviceManager (168)
[2023.08.25-22.11.46:810][369]LogModuleManager: Shutting down and abandoning module AutomationController (167)
[2023.08.25-22.11.46:810][369]LogModuleManager: Shutting down and abandoning module AutomationWindow (166)
[2023.08.25-22.11.46:810][369]LogModuleManager: Shutting down and abandoning module Layers (165)
[2023.08.25-22.11.46:810][369]LogModuleManager: Shutting down and abandoning module ComponentVisualizers (164)
[2023.08.25-22.11.46:810][369]LogModuleManager: Shutting down and abandoning module DetailCustomizations (163)
[2023.08.25-22.11.46:810][369]LogModuleManager: Shutting down and abandoning module PackagesDialog (162)
[2023.08.25-22.11.46:810][369]LogModuleManager: Shutting down and abandoning module AnimGraph (161)
[2023.08.25-22.11.46:810][369]LogModuleManager: Shutting down and abandoning module Persona (160)
[2023.08.25-22.11.46:810][369]LogModuleManager: Shutting down and abandoning module Kismet (159)
[2023.08.25-22.11.46:810][369]LogModuleManager: Shutting down and abandoning module GraphEditor (158)
[2023.08.25-22.11.46:810][369]LogModuleManager: Shutting down and abandoning module ClassViewer (157)
[2023.08.25-22.11.46:810][369]LogModuleManager: Shutting down and abandoning module Toolbox (156)
[2023.08.25-22.11.46:810][369]LogModuleManager: Shutting down and abandoning module ModuleUI (155)
[2023.08.25-22.11.46:810][369]LogModuleManager: Shutting down and abandoning module MovieSceneTools (154)
[2023.08.25-22.11.46:810][369]LogModuleManager: Shutting down and abandoning module OutputLog (153)
[2023.08.25-22.11.46:810][369]LogModuleManager: Shutting down and abandoning module GammaUI (152)
[2023.08.25-22.11.46:810][369]LogModuleManager: Shutting down and abandoning module Documentation (151)
[2023.08.25-22.11.46:811][369]LogModuleManager: Shutting down and abandoning module Niagara (150)
[2023.08.25-22.11.46:811][369]LogModuleManager: Shutting down and abandoning module StreamingPauseRendering (149)
[2023.08.25-22.11.46:811][369]LogModuleManager: Shutting down and abandoning module AnalyticsET (148)
[2023.08.25-22.11.46:811][369]LogModuleManager: Shutting down and abandoning module PortalServices (147)
[2023.08.25-22.11.46:811][369]LogModuleManager: Shutting down and abandoning module PortalRpc (146)
[2023.08.25-22.11.46:811][369]LogModuleManager: Shutting down and abandoning module MessagingRpc (145)
[2023.08.25-22.11.46:811][369]LogModuleManager: Shutting down and abandoning module GameplayDebugger (144)
[2023.08.25-22.11.46:811][369]LogModuleManager: Shutting down and abandoning module AITestSuite (143)
[2023.08.25-22.11.46:811][369]LogModuleManager: Shutting down and abandoning module AIModule (142)
[2023.08.25-22.11.46:811][369]LogModuleManager: Shutting down and abandoning module ProfilerService (141)
[2023.08.25-22.11.46:969][369]LogModuleManager: Shutting down and abandoning module TaskGraph (140)
[2023.08.25-22.11.46:969][369]LogModuleManager: Shutting down and abandoning module SlateRemote (139)
[2023.08.25-22.11.46:969][369]LogModuleManager: Shutting down and abandoning module SteamVRController (138)
[2023.08.25-22.11.46:969][369]LogModuleManager: Shutting down and abandoning module SteamVR (137)
[2023.08.25-22.11.46:969][369]LogModuleManager: Shutting down and abandoning module ProceduralMeshComponentEditor (136)
[2023.08.25-22.11.46:969][369]LogModuleManager: Shutting down and abandoning module ProceduralMeshComponent (135)
[2023.08.25-22.11.46:969][369]LogModuleManager: Shutting down and abandoning module OculusLibrary (134)
[2023.08.25-22.11.46:969][369]LogModuleManager: Shutting down and abandoning module OculusInput (133)
[2023.08.25-22.11.46:969][369]LogModuleManager: Shutting down and abandoning module CustomMeshComponent (132)
[2023.08.25-22.11.46:969][369]LogModuleManager: Shutting down and abandoning module CableComponent (131)
[2023.08.25-22.11.46:969][369]LogModuleManager: Shutting down and abandoning module ArchVisCharacter (130)
[2023.08.25-22.11.46:969][369]LogModuleManager: Shutting down and abandoning module MediaPlayerEditor (128)
[2023.08.25-22.11.46:969][369]LogModuleManager: Shutting down and abandoning module VehiclesPlugin (127)
[2023.08.25-22.11.46:969][369]LogModuleManager: Shutting down and abandoning module HTML5Networking (126)
[2023.08.25-22.11.46:969][369]LogModuleManager: Shutting down and abandoning module GeometryCacheEd (125)
[2023.08.25-22.11.46:969][369]LogModuleManager: Shutting down and abandoning module GeometryCache (124)
[2023.08.25-22.11.46:969][369]LogModuleManager: Shutting down and abandoning module AlembicLibrary (123)
[2023.08.25-22.11.46:969][369]LogModuleManager: Shutting down and abandoning module AlembicImporter (122)
[2023.08.25-22.11.46:970][369]LogModuleManager: Shutting down and abandoning module SuperSearch (121)
[2023.08.25-22.11.46:970][369]LogModuleManager: Shutting down and abandoning module SuperSearchEditor (120)
[2023.08.25-22.11.46:970][369]LogModuleManager: Shutting down and abandoning module SpeedTreeImporter (119)
[2023.08.25-22.11.46:970][369]LogModuleManager: Shutting down and abandoning module PluginBrowser (118)
[2023.08.25-22.11.46:970][369]LogModuleManager: Shutting down and abandoning module MobileLauncherProfileWizard (117)
[2023.08.25-22.11.46:970][369]LogModuleManager: Shutting down and abandoning module EpicSurvey (116)
[2023.08.25-22.11.46:970][369]LogModuleManager: Shutting down and abandoning module DesktopPlatform (115)
[2023.08.25-22.11.46:970][369]LogModuleManager: Shutting down and abandoning module VisualStudioSourceCodeAccess (114)
[2023.08.25-22.11.46:970][369]LogModuleManager: Shutting down and abandoning module UObjectPlugin (113)
[2023.08.25-22.11.46:970][369]LogModuleManager: Shutting down and abandoning module SubversionSourceControl (112)
[2023.08.25-22.11.46:970][369]LogModuleManager: Shutting down and abandoning module PerforceSourceControl (111)
[2023.08.25-22.11.46:970][369]LogModuleManager: Shutting down and abandoning module SourceControl (110)
[2023.08.25-22.11.46:970][369]LogModuleManager: Shutting down and abandoning module GitSourceControl (109)
[2023.08.25-22.11.46:970][369]LogModuleManager: Shutting down and abandoning module LightPropagationVolumeEditor (108)
[2023.08.25-22.11.46:970][369]LogModuleManager: Shutting down and abandoning module PaperTiledImporter (107)
[2023.08.25-22.11.46:970][369]LogModuleManager: Shutting down and abandoning module PaperSpriteSheetImporter (106)
[2023.08.25-22.11.46:970][369]LogModuleManager: Shutting down and abandoning module MeshPaint (105)
[2023.08.25-22.11.46:970][369]LogModuleManager: Shutting down and abandoning module FbxAutomationBuilderModule (104)
[2023.08.25-22.11.46:970][369]LogModuleManager: Shutting down and abandoning module PixelInspectorModule (103)
[2023.08.25-22.11.46:970][369]LogModuleManager: Shutting down and abandoning module HotReload (102)
[2023.08.25-22.11.46:971][369]LogModuleManager: Shutting down and abandoning module MainFrame (101)
[2023.08.25-22.11.46:971][369]LogModuleManager: Shutting down and abandoning module LevelEditor (100)
[2023.08.25-22.11.46:972][369]LogModuleManager: Shutting down and abandoning module ContentBrowser (99)
[2023.08.25-22.11.46:972][369]LogModuleManager: Shutting down and abandoning module Paper2DEditor (98)
[2023.08.25-22.11.46:972][369]LogModuleManager: Shutting down and abandoning module UdpMessaging (97)
[2023.08.25-22.11.47:073][369]LogModuleManager: Shutting down and abandoning module TcpMessaging (96)
[2023.08.25-22.11.47:174][369]LogModuleManager: Shutting down and abandoning module LightPropagationVolumeRuntime (95)
[2023.08.25-22.11.47:174][369]LogModuleManager: Shutting down and abandoning module Paper2D (94)
[2023.08.25-22.11.47:174][369]LogModuleManager: Shutting down and abandoning module WindowsMoviePlayer (93)
[2023.08.25-22.11.47:174][369]LogModuleManager: Shutting down and abandoning module WmfMedia (92)
[2023.08.25-22.11.47:175][369]LogModuleManager: Shutting down and abandoning module MediaAssets (91)
[2023.08.25-22.11.47:175][369]LogModuleManager: Shutting down and abandoning module GameLiveStreaming (90)
[2023.08.25-22.11.47:175][369]LogModuleManager: Shutting down and abandoning module GameplayTagsEditor (89)
[2023.08.25-22.11.47:175][369]LogModuleManager: Shutting down and abandoning module VREditor (88)
[2023.08.25-22.11.47:175][369]LogModuleManager: Shutting down and abandoning module GameplayTasksEditor (87)
[2023.08.25-22.11.47:175][369]LogModuleManager: Shutting down and abandoning module PropertyEditor (86)
[2023.08.25-22.11.47:175][369]LogModuleManager: Shutting down and abandoning module BehaviorTreeEditor (85)
[2023.08.25-22.11.47:175][369]LogModuleManager: Shutting down and abandoning module FunctionalTesting (84)
[2023.08.25-22.11.47:175][369]LogModuleManager: Shutting down and abandoning module CollisionAnalyzer (83)
[2023.08.25-22.11.47:175][369]LogModuleManager: Shutting down and abandoning module Sequencer (82)
[2023.08.25-22.11.47:175][369]LogModuleManager: Shutting down and abandoning module WorkspaceMenuStructure (81)
[2023.08.25-22.11.47:175][369]LogModuleManager: Shutting down and abandoning module MessageLog (80)
[2023.08.25-22.11.47:175][369]LogModuleManager: Shutting down and abandoning module AssetTools (79)
[2023.08.25-22.11.47:175][369]LogModuleManager: Shutting down and abandoning module UMGEditor (78)
[2023.08.25-22.11.47:175][369]LogModuleManager: Shutting down and abandoning module UMG (77)
[2023.08.25-22.11.47:175][369]LogModuleManager: Shutting down and abandoning module SlateReflector (76)
[2023.08.25-22.11.47:175][369]LogModuleManager: Shutting down and abandoning module Slate (75)
[2023.08.25-22.11.47:175][369]LogModuleManager: Shutting down and abandoning module EditorStyle (74)
[2023.08.25-22.11.47:178][369]LogModuleManager: Shutting down and abandoning module SourceCodeAccess (73)
[2023.08.25-22.11.47:178][369]LogModuleManager: Shutting down and abandoning module HeadMountedDisplay (72)
[2023.08.25-22.11.47:178][369]LogModuleManager: Shutting down and abandoning module XAudio2 (71)
[2023.08.25-22.11.47:178][369]LogModuleManager: Shutting down and abandoning module Networking (69)
[2023.08.25-22.11.47:178][369]LogModuleManager: Shutting down and abandoning module Core (68)
[2023.08.25-22.11.47:178][369]LogModuleManager: Shutting down and abandoning module DirectoryWatcher (67)
[2023.08.25-22.11.47:178][369]LogDirectoryWatcher: A directory notification for '../../../Engine/Content/' was aborted.
[2023.08.25-22.11.47:178][369]LogDirectoryWatcher: A directory notification for 'F:/SaveGame/StateOfDecay2/Content/' was aborted.
[2023.08.25-22.11.47:178][369]LogDirectoryWatcher: A directory notification for '../../../Engine/Plugins/2D/Paper2D/Content/' was aborted.
[2023.08.25-22.11.47:178][369]LogModuleManager: Shutting down and abandoning module AssetRegistry (66)
[2023.08.25-22.11.47:380][369]LogModuleManager: Shutting down and abandoning module KismetCompiler (65)
[2023.08.25-22.11.47:381][369]LogModuleManager: Shutting down and abandoning module PhysXFormats (64)
[2023.08.25-22.11.47:381][369]LogModuleManager: Shutting down and abandoning module MeshUtilities (63)
[2023.08.25-22.11.47:381][369]LogModuleManager: Shutting down and abandoning module DerivedDataCache (62)
[2023.08.25-22.11.47:423][369]LogDerivedDataCache: Shutdown
[2023.08.25-22.11.47:423][369]LogModuleManager: Shutting down and abandoning module VulkanShaderFormat (61)
[2023.08.25-22.11.47:423][369]LogModuleManager: Shutting down and abandoning module ShaderFormatOpenGL (60)
[2023.08.25-22.11.47:423][369]LogModuleManager: Shutting down and abandoning module ShaderFormatD3D (59)
[2023.08.25-22.11.47:423][369]LogModuleManager: Shutting down and abandoning module MetalShaderFormat (58)
[2023.08.25-22.11.47:423][369]LogModuleManager: Shutting down and abandoning module TextureFormatUncompressed (57)
[2023.08.25-22.11.47:423][369]LogModuleManager: Shutting down and abandoning module TextureFormatPVR (56)
[2023.08.25-22.11.47:423][369]LogModuleManager: Shutting down and abandoning module TextureFormatDXT (55)
[2023.08.25-22.11.47:423][369]LogModuleManager: Shutting down and abandoning module TextureFormatIntelISPCTexComp (54)
[2023.08.25-22.11.47:423][369]LogModuleManager: Shutting down and abandoning module ImageWrapper (53)
[2023.08.25-22.11.47:423][369]LogModuleManager: Shutting down and abandoning module TextureFormatASTC (52)
[2023.08.25-22.11.47:423][369]LogModuleManager: Shutting down and abandoning module TextureFormatAndroid (51)
[2023.08.25-22.11.47:423][369]LogModuleManager: Shutting down and abandoning module AudioFormatOpus (50)
[2023.08.25-22.11.47:424][369]LogModuleManager: Shutting down and abandoning module AudioFormatOgg (49)
[2023.08.25-22.11.47:424][369]LogModuleManager: Shutting down and abandoning module AudioFormatADPCM (48)
[2023.08.25-22.11.47:424][369]LogModuleManager: Shutting down and abandoning module LinuxTargetPlatform (47)
[2023.08.25-22.11.47:424][369]LogModuleManager: Shutting down and abandoning module LinuxServerTargetPlatform (46)
[2023.08.25-22.11.47:424][369]LogModuleManager: Shutting down and abandoning module LinuxNoEditorTargetPlatform (45)
[2023.08.25-22.11.47:424][369]LogModuleManager: Shutting down and abandoning module LinuxClientTargetPlatform (44)
[2023.08.25-22.11.47:424][369]LogModuleManager: Shutting down and abandoning module TVOSTargetPlatform (43)
[2023.08.25-22.11.47:424][369]LogModuleManager: Shutting down and abandoning module Messaging (42)
[2023.08.25-22.11.47:424][369]LogModuleManager: Shutting down and abandoning module IOSTargetPlatform (41)
[2023.08.25-22.11.47:424][369]LogModuleManager: Shutting down and abandoning module HTML5TargetPlatform (40)
[2023.08.25-22.11.47:424][369]LogModuleManager: Shutting down and abandoning module Android_PVRTCTargetPlatform (39)
[2023.08.25-22.11.47:424][369]LogModuleManager: Shutting down and abandoning module Android_MultiTargetPlatform (38)
[2023.08.25-22.11.47:424][369]LogModuleManager: Shutting down and abandoning module Android_ETC2TargetPlatform (37)
[2023.08.25-22.11.47:424][369]LogModuleManager: Shutting down and abandoning module Android_ETC1TargetPlatform (36)
[2023.08.25-22.11.47:424][369]LogModuleManager: Shutting down and abandoning module Android_DXTTargetPlatform (35)
[2023.08.25-22.11.47:424][369]LogModuleManager: Shutting down and abandoning module Android_ATCTargetPlatform (34)
[2023.08.25-22.11.47:424][369]LogModuleManager: Shutting down and abandoning module Android_ASTCTargetPlatform (33)
[2023.08.25-22.11.47:424][369]LogModuleManager: Shutting down and abandoning module AndroidTargetPlatform (32)
[2023.08.25-22.11.47:424][369]LogModuleManager: Shutting down and abandoning module WindowsTargetPlatform (31)
[2023.08.25-22.11.47:424][369]LogModuleManager: Shutting down and abandoning module WindowsServerTargetPlatform (30)
[2023.08.25-22.11.47:424][369]LogModuleManager: Shutting down and abandoning module WindowsNoEditorTargetPlatform (29)
[2023.08.25-22.11.47:424][369]LogModuleManager: Shutting down and abandoning module WindowsClientTargetPlatform (28)
[2023.08.25-22.11.47:424][369]LogModuleManager: Shutting down and abandoning module AllDesktopTargetPlatform (27)
[2023.08.25-22.11.47:424][369]LogModuleManager: Shutting down and abandoning module TargetPlatform (26)
[2023.08.25-22.11.47:424][369]LogModuleManager: Shutting down and abandoning module InputCore (25)
[2023.08.25-22.11.47:424][369]LogModuleManager: Shutting down and abandoning module Settings (24)
[2023.08.25-22.11.47:424][369]LogModuleManager: Shutting down and abandoning module OculusRift (23)
[2023.08.25-22.11.47:424][369]LogModuleManager: Shutting down and abandoning module GearVR (22)
[2023.08.25-22.11.47:424][369]LogModuleManager: Shutting down and abandoning module ExampleDeviceProfileSelector (21)
[2023.08.25-22.11.47:424][369]LogModuleManager: Shutting down and abandoning module OnlineBlueprintSupport (20)
[2023.08.25-22.11.47:424][369]LogModuleManager: Shutting down and abandoning module OnlineSubsystem (18)
[2023.08.25-22.11.47:424][369]LogOnline:Display: Unloading online subsystem: NULL
[2023.08.25-22.11.47:424][369]LogModuleManager: Shutting down and abandoning module HTTP (17)
[2023.08.25-22.11.47:424][369]LogHttp:Display: Http module shutting down, but needs to wait on 1 outstanding Http requests:
[2023.08.25-22.11.47:424][369]LogHttp:Display: 	verb=[POST] url=[https://datarouter.ol.epicgames.com/datarouter/api/v1/public/data?SessionID=%7BF6ADD036-4C01-3E65-C16A-8CBDCD8A482E%7D&AppID=UEEditor.Rocket.Release&AppVersion=4.13.2-3172292%2B%2B%2BUE4%2BRelease-4.13&UserID=872c779a429c2bbb1574e88424f0eb40%7Ca07a419774d84de3926cb54b2da27ccc%7C76853fe8-2ca2-44e9-a39a-6d4b5dc2a0e3&AppEnvironment=datacollector-binary&UploadType=eteventstream] status=Processing
[2023.08.25-22.11.47:452][369]LogModuleManager: Shutting down and abandoning module XMPP (16)
[2023.08.25-22.11.47:452][369]LogModuleManager: Shutting down and abandoning module TextureCompressor (15)
[2023.08.25-22.11.47:452][369]LogModuleManager: Shutting down and abandoning module ShaderCore (14)
[2023.08.25-22.11.47:452][369]LogModuleManager: Shutting down and abandoning module Landscape (13)
[2023.08.25-22.11.47:453][369]LogModuleManager: Shutting down and abandoning module SlateRHIRenderer (12)
[2023.08.25-22.11.47:453][369]LogModuleManager: Shutting down and abandoning module OpenGLDrv (11)
[2023.08.25-22.11.47:453][369]LogModuleManager: Shutting down and abandoning module D3D11RHI (10)
[2023.08.25-22.11.47:453][369]LogModuleManager: Shutting down and abandoning module D3D12RHI (9)
[2023.08.25-22.11.47:453][369]LogModuleManager: Shutting down and abandoning module AnimGraphRuntime (8)
[2023.08.25-22.11.47:453][369]LogModuleManager: Shutting down and abandoning module Renderer (7)
[2023.08.25-22.11.47:453][369]LogModuleManager: Shutting down and abandoning module Engine (6)
[2023.08.25-22.11.47:454][369]LogModuleManager: Shutting down and abandoning module CoreUObject (5)
[2023.08.25-22.11.47:454][369]LogModuleManager: Shutting down and abandoning module NetworkFile (4)
[2023.08.25-22.11.47:454][369]LogModuleManager: Shutting down and abandoning module StreamingFile (3)
[2023.08.25-22.11.47:454][369]LogModuleManager: Shutting down and abandoning module SandboxFile (2)
[2023.08.25-22.11.47:454][369]LogModuleManager: Shutting down and abandoning module PakFile (1)
[2023.08.25-22.11.47:455][369]LogExit: Exiting.
[2023.08.25-22.11.47:457][369]Log file closed, 08/25/23 23:11:47
